<?xml version='1.0' encoding='UTF-8'?>
<testsuite hostname="Robyns-MBP.broadband" name="service.ApplicationServiceUnitSpec" tests="26" errors="0" failures="0" skipped="0" time="0.048" timestamp="2022-07-21T11:50:28">
                     <properties>
[...]
</properties>
                     <testcase classname="service.ApplicationServiceUnitSpec" name="ApplicationService .index should return when there are no users" time="0.006">
                                                 
                                               </testcase><testcase classname="service.ApplicationServiceUnitSpec" name="ApplicationService .index should return sequence of users when there are users" time="0.002">
                                                 
                                               </testcase><testcase classname="service.ApplicationServiceUnitSpec" name="ApplicationService() .create() should should add user to mongodb" time="0.002">
                                                 
                                               </testcase><testcase classname="service.ApplicationServiceUnitSpec" name="ApplicationService() .create() should could not validate user so should not add to mongodb or call create" time="0.001">
                                                 
                                               </testcase><testcase classname="service.ApplicationServiceUnitSpec" name="ApplicationService() .create() should unable to create a user as with validate user format but login already exists" time="0.003">
                                                 
                                               </testcase><testcase classname="service.ApplicationServiceUnitSpec" name="ApplicationService .read() should return a user by login/username" time="0.001">
                                                 
                                               </testcase><testcase classname="service.ApplicationServiceUnitSpec" name="ApplicationService .read() should does not return a user as incorrect login/username" time="0.001">
                                                 
                                               </testcase><testcase classname="service.ApplicationServiceUnitSpec" name="ApplicationService .update() should return an updated user" time="0.001">
                                                 
                                               </testcase><testcase classname="service.ApplicationServiceUnitSpec" name="ApplicationService .update() should unable to updated a user as cannot validate user format" time="0.004">
                                                 
                                               </testcase><testcase classname="service.ApplicationServiceUnitSpec" name="ApplicationService .update() should unable to updated a user as with validate user format but non-existing login" time="0.005">
                                                 
                                               </testcase><testcase classname="service.ApplicationServiceUnitSpec" name="ApplicationService .delete() should return a string upon deleting a user by login" time="0.002">
                                                 
                                               </testcase><testcase classname="service.ApplicationServiceUnitSpec" name="ApplicationService .delete() should return a error upon unsuccessfully trying to delete a user by login" time="0.002">
                                                 
                                               </testcase><testcase classname="service.ApplicationServiceUnitSpec" name="ApplicationService .getUser() should return a user by login for github api" time="0.002">
                                                 
                                               </testcase><testcase classname="service.ApplicationServiceUnitSpec" name="ApplicationService .getUser() should unable to return a user from api, incorrect login" time="0.001">
                                                 
                                               </testcase><testcase classname="service.ApplicationServiceUnitSpec" name="ApplicationService .getUsersRepo() should return a user repositories names in list" time="0.001">
                                                 
                                               </testcase><testcase classname="service.ApplicationServiceUnitSpec" name="ApplicationService .getUsersRepo() should unable to return a user's repositories names from api, incorrect login" time="0.0">
                                                 
                                               </testcase><testcase classname="service.ApplicationServiceUnitSpec" name="ApplicationService .getUsersRepoInfo() should return a users information by login for github api" time="0.0">
                                                 
                                               </testcase><testcase classname="service.ApplicationServiceUnitSpec" name="ApplicationService .getUsersRepoInfo() should unable to return a user information from api, incorrect login" time="0.001">
                                                 
                                               </testcase><testcase classname="service.ApplicationServiceUnitSpec" name="ApplicationService .getRepoContent() should return a user repositories content by login for github api" time="0.002">
                                                 
                                               </testcase><testcase classname="service.ApplicationServiceUnitSpec" name="ApplicationService .getRepoContent() should unable to return a user repositories content from api, incorrect login" time="0.002">
                                                 
                                               </testcase><testcase classname="service.ApplicationServiceUnitSpec" name="ApplicationService .getDirContent() should return a user's repository folder contents by login for github api" time="0.001">
                                                 
                                               </testcase><testcase classname="service.ApplicationServiceUnitSpec" name="ApplicationService .getDirContent() should unable to return a user's repository folder content from api, incorrect login" time="0.001">
                                                 
                                               </testcase><testcase classname="service.ApplicationServiceUnitSpec" name="ApplicationService .getFileContent() should return a user's repository folder contents by login for github api" time="0.0">
                                                 
                                               </testcase><testcase classname="service.ApplicationServiceUnitSpec" name="ApplicationService .getFileContent() should unable to return a user's repository folder content from api, incorrect login" time="0.001">
                                                 
                                               </testcase><testcase classname="service.ApplicationServiceUnitSpec" name="ApplicationService .addApiUser() should add a user from github api to mongodb" time="0.003">
                                                 
                                               </testcase><testcase classname="service.ApplicationServiceUnitSpec" name="ApplicationService .addApiUser() should unable to return a user from api, incorrect login" time="0.003">
                                                 
                                               </testcase>
                     <system-out><![CDATA[]]></system-out>
                     <system-err><![CDATA[]]></system-err>
                   </testsuite>