<?xml version='1.0' encoding='UTF-8'?>
<testsuite hostname="Robyns-MBP.broadband" name="controllers.ApplicationControllerSpec" tests="81" errors="0" failures="17" skipped="0" time="10.191" timestamp="2022-08-12T12:35:42">
                     <properties>
[...]
</properties>
                     <testcase classname="controllers.ApplicationControllerSpec" name="ApplicationController .index should return when there are no users" time="0.029">
                                                 
                                               </testcase><testcase classname="controllers.ApplicationControllerSpec" name="ApplicationController .index should return all users in the database" time="0.031">
                                                 
                                               </testcase><testcase classname="controllers.ApplicationControllerSpec" name="ApplicationController .index should return json from the router" time="0.019">
                                                 
                                               </testcase><testcase classname="controllers.ApplicationControllerSpec" name="ApplicationController .create() should create a user in the database" time="0.011">
                                                 
                                               </testcase><testcase classname="controllers.ApplicationControllerSpec" name="ApplicationController .create() should try to create a user in the database with wrong format" time="0.006">
                                                 
                                               </testcase><testcase classname="controllers.ApplicationControllerSpec" name="ApplicationController .create() should return json from the router" time="0.063">
                                                 
                                               </testcase><testcase classname="controllers.ApplicationControllerSpec" name="ApplicationController .read() should find a user in the database by login" time="0.041">
                                                 <failure message="org.scalatest.exceptions.TestFailedException: 400 was not equal to 200" type="sbt.ForkMain$ForkError">sbt.ForkMain$ForkError: org.scalatest.exceptions.TestFailedException: 400 was not equal to 200
	at org.scalatest.matchers.MatchersHelper$.indicateFailure(MatchersHelper.scala:402)
	at org.scalatest.matchers.should.Matchers$AnyShouldWrapper.shouldBe(Matchers.scala:7018)
	at controllers.ApplicationControllerSpec.$anonfun$new$10(ApplicationControllerSpec.scala:134)
	at scala.runtime.java8.JFunction0$mcV$sp.apply(JFunction0$mcV$sp.scala:18)
	at org.scalatest.OutcomeOf.outcomeOf(OutcomeOf.scala:85)
	at org.scalatest.OutcomeOf.outcomeOf$(OutcomeOf.scala:83)
	at org.scalatest.OutcomeOf$.outcomeOf(OutcomeOf.scala:104)
	at org.scalatest.Transformer.apply(Transformer.scala:22)
	at org.scalatest.Transformer.apply(Transformer.scala:20)
	at org.scalatest.wordspec.AnyWordSpecLike$$anon$3.apply(AnyWordSpecLike.scala:1077)
	at org.scalatest.TestSuite.withFixture(TestSuite.scala:196)
	at org.scalatest.TestSuite.withFixture$(TestSuite.scala:195)
	at org.scalatest.wordspec.AnyWordSpec.withFixture(AnyWordSpec.scala:1879)
	at org.scalatest.wordspec.AnyWordSpecLike.invokeWithFixture$1(AnyWordSpecLike.scala:1075)
	at org.scalatest.wordspec.AnyWordSpecLike.$anonfun$runTest$1(AnyWordSpecLike.scala:1087)
	at org.scalatest.SuperEngine.runTestImpl(Engine.scala:306)
	at org.scalatest.wordspec.AnyWordSpecLike.runTest(AnyWordSpecLike.scala:1087)
	at org.scalatest.wordspec.AnyWordSpecLike.runTest$(AnyWordSpecLike.scala:1069)
	at controllers.ApplicationControllerSpec.org$scalatest$BeforeAndAfterEach$$super$runTest(ApplicationControllerSpec.scala:14)
	at org.scalatest.BeforeAndAfterEach.runTest(BeforeAndAfterEach.scala:234)
	at org.scalatest.BeforeAndAfterEach.runTest$(BeforeAndAfterEach.scala:227)
	at controllers.ApplicationControllerSpec.runTest(ApplicationControllerSpec.scala:14)
	at org.scalatest.wordspec.AnyWordSpecLike.$anonfun$runTests$1(AnyWordSpecLike.scala:1146)
	at org.scalatest.SuperEngine.$anonfun$runTestsInBranch$1(Engine.scala:413)
	at scala.collection.immutable.List.foreach(List.scala:333)
	at org.scalatest.SuperEngine.traverseSubNodes$1(Engine.scala:401)
	at org.scalatest.SuperEngine.runTestsInBranch(Engine.scala:390)
	at org.scalatest.SuperEngine.$anonfun$runTestsInBranch$1(Engine.scala:427)
	at scala.collection.immutable.List.foreach(List.scala:333)
	at org.scalatest.SuperEngine.traverseSubNodes$1(Engine.scala:401)
	at org.scalatest.SuperEngine.runTestsInBranch(Engine.scala:396)
	at org.scalatest.SuperEngine.runTestsImpl(Engine.scala:475)
	at org.scalatest.wordspec.AnyWordSpecLike.runTests(AnyWordSpecLike.scala:1146)
	at org.scalatest.wordspec.AnyWordSpecLike.runTests$(AnyWordSpecLike.scala:1145)
	at org.scalatest.wordspec.AnyWordSpec.runTests(AnyWordSpec.scala:1879)
	at org.scalatest.Suite.run(Suite.scala:1112)
	at org.scalatest.Suite.run$(Suite.scala:1094)
	at org.scalatest.wordspec.AnyWordSpec.org$scalatest$wordspec$AnyWordSpecLike$$super$run(AnyWordSpec.scala:1879)
	at org.scalatest.wordspec.AnyWordSpecLike.$anonfun$run$1(AnyWordSpecLike.scala:1191)
	at org.scalatest.SuperEngine.runImpl(Engine.scala:535)
	at org.scalatest.wordspec.AnyWordSpecLike.run(AnyWordSpecLike.scala:1191)
	at org.scalatest.wordspec.AnyWordSpecLike.run$(AnyWordSpecLike.scala:1189)
	at controllers.ApplicationControllerSpec.org$scalatestplus$play$BaseOneServerPerSuite$$super$run(ApplicationControllerSpec.scala:14)
	at org.scalatestplus.play.BaseOneServerPerSuite.run(BaseOneServerPerSuite.scala:163)
	at org.scalatestplus.play.BaseOneServerPerSuite.run$(BaseOneServerPerSuite.scala:159)
	at controllers.ApplicationControllerSpec.org$scalatest$BeforeAndAfterAll$$super$run(ApplicationControllerSpec.scala:14)
	at org.scalatest.BeforeAndAfterAll.liftedTree1$1(BeforeAndAfterAll.scala:213)
	at org.scalatest.BeforeAndAfterAll.run(BeforeAndAfterAll.scala:210)
	at org.scalatest.BeforeAndAfterAll.run$(BeforeAndAfterAll.scala:208)
	at controllers.ApplicationControllerSpec.run(ApplicationControllerSpec.scala:14)
	at org.scalatest.tools.Framework.org$scalatest$tools$Framework$$runSuite(Framework.scala:318)
	at org.scalatest.tools.Framework$ScalaTestTask.execute(Framework.scala:513)
	at sbt.ForkMain$Run.lambda$runTest$1(ForkMain.java:304)
	at java.util.concurrent.FutureTask.run(FutureTask.java:266)
	at java.util.concurrent.ThreadPoolExecutor.runWorker(ThreadPoolExecutor.java:1149)
	at java.util.concurrent.ThreadPoolExecutor$Worker.run(ThreadPoolExecutor.java:624)
	at java.lang.Thread.run(Thread.java:748)
</failure>
                                               </testcase><testcase classname="controllers.ApplicationControllerSpec" name="ApplicationController .read() should cannot find a user in the database as login does not exist" time="0.013">
                                                 
                                               </testcase><testcase classname="controllers.ApplicationControllerSpec" name="ApplicationController .read() should return json from the router" time="0.047">
                                                 
                                               </testcase><testcase classname="controllers.ApplicationControllerSpec" name="ApplicationController .update() should find a user in the database by login and update all fields" time="0.016">
                                                 
                                               </testcase><testcase classname="controllers.ApplicationControllerSpec" name="ApplicationController .update() should try update a user by an login that does not exist and in a non-conforming format" time="0.005">
                                                 
                                               </testcase><testcase classname="controllers.ApplicationControllerSpec" name="ApplicationController .update() should return json from the router" time="0.019">
                                                 
                                               </testcase><testcase classname="controllers.ApplicationControllerSpec" name="ApplicationController .delete() should find a user in the database by login and delete" time="0.018">
                                                 
                                               </testcase><testcase classname="controllers.ApplicationControllerSpec" name="ApplicationController .delete() should cannot find a user in the database as login does not exist do not delete" time="0.006">
                                                 
                                               </testcase><testcase classname="controllers.ApplicationControllerSpec" name="ApplicationController .delete() should return accepted status from the router" time="0.015">
                                                 
                                               </testcase><testcase classname="controllers.ApplicationControllerSpec" name="ApplicationController .readFromAPI() should use username/login to find user from api and return that user" time="0.708">
                                                 
                                               </testcase><testcase classname="controllers.ApplicationControllerSpec" name="ApplicationController .readFromAPI() should unknown username/login used to find user from api cannot return that user" time="0.182">
                                                 
                                               </testcase><testcase classname="controllers.ApplicationControllerSpec" name="ApplicationController .addFromAPI() should use username/login to find user from api and return that user" time="0.048">
                                                 
                                               </testcase><testcase classname="controllers.ApplicationControllerSpec" name="ApplicationController .addFromAPI() should unknown username/login used to find user from api cannot return that user" time="0.036">
                                                 
                                               </testcase><testcase classname="controllers.ApplicationControllerSpec" name="ApplicationController .showUser() should use username/login to find user from api and return that user" time="0.036">
                                                 
                                               </testcase><testcase classname="controllers.ApplicationControllerSpec" name="ApplicationController .showUser() should use incorrect username/login return api error" time="0.034">
                                                 
                                               </testcase><testcase classname="controllers.ApplicationControllerSpec" name="ApplicationController .showUser() should render the userPage from the router" time="0.046">
                                                 
                                               </testcase><testcase classname="controllers.ApplicationControllerSpec" name="ApplicationController .showUser() should unable to render the userPage incorrect username from the router" time="0.037">
                                                 
                                               </testcase><testcase classname="controllers.ApplicationControllerSpec" name="ApplicationController .usersRepos() should login to find user's repositories and return their names in list" time="0.621">
                                                 
                                               </testcase><testcase classname="controllers.ApplicationControllerSpec" name="ApplicationController .usersRepos() should use incorrect login return api error" time="0.186">
                                                 
                                               </testcase><testcase classname="controllers.ApplicationControllerSpec" name="ApplicationController .usersRepos() should use login for user with no repositories, return api error" time="0.156">
                                                 
                                               </testcase><testcase classname="controllers.ApplicationControllerSpec" name="ApplicationController .usersRepos() should render the repositories page from the router" time="0.052">
                                                 <failure message="org.scalatest.exceptions.TestFailedException: 400 was not equal to 200" type="sbt.ForkMain$ForkError">sbt.ForkMain$ForkError: org.scalatest.exceptions.TestFailedException: 400 was not equal to 200
	at org.scalatest.matchers.MatchersHelper$.indicateFailure(MatchersHelper.scala:402)
	at org.scalatest.matchers.should.Matchers$AnyShouldWrapper.shouldBe(Matchers.scala:7018)
	at controllers.ApplicationControllerSpec.$anonfun$new$36(ApplicationControllerSpec.scala:388)
	at org.scalatest.OutcomeOf.outcomeOf(OutcomeOf.scala:85)
	at org.scalatest.OutcomeOf.outcomeOf$(OutcomeOf.scala:83)
	at org.scalatest.OutcomeOf$.outcomeOf(OutcomeOf.scala:104)
	at org.scalatest.Transformer.apply(Transformer.scala:22)
	at org.scalatest.Transformer.apply(Transformer.scala:20)
	at org.scalatest.wordspec.AnyWordSpecLike$$anon$3.apply(AnyWordSpecLike.scala:1077)
	at org.scalatest.TestSuite.withFixture(TestSuite.scala:196)
	at org.scalatest.TestSuite.withFixture$(TestSuite.scala:195)
	at org.scalatest.wordspec.AnyWordSpec.withFixture(AnyWordSpec.scala:1879)
	at org.scalatest.wordspec.AnyWordSpecLike.invokeWithFixture$1(AnyWordSpecLike.scala:1075)
	at org.scalatest.wordspec.AnyWordSpecLike.$anonfun$runTest$1(AnyWordSpecLike.scala:1087)
	at org.scalatest.SuperEngine.runTestImpl(Engine.scala:306)
	at org.scalatest.wordspec.AnyWordSpecLike.runTest(AnyWordSpecLike.scala:1087)
	at org.scalatest.wordspec.AnyWordSpecLike.runTest$(AnyWordSpecLike.scala:1069)
	at controllers.ApplicationControllerSpec.org$scalatest$BeforeAndAfterEach$$super$runTest(ApplicationControllerSpec.scala:14)
	at org.scalatest.BeforeAndAfterEach.runTest(BeforeAndAfterEach.scala:234)
	at org.scalatest.BeforeAndAfterEach.runTest$(BeforeAndAfterEach.scala:227)
	at controllers.ApplicationControllerSpec.runTest(ApplicationControllerSpec.scala:14)
	at org.scalatest.wordspec.AnyWordSpecLike.$anonfun$runTests$1(AnyWordSpecLike.scala:1146)
	at org.scalatest.SuperEngine.$anonfun$runTestsInBranch$1(Engine.scala:413)
	at scala.collection.immutable.List.foreach(List.scala:333)
	at org.scalatest.SuperEngine.traverseSubNodes$1(Engine.scala:401)
	at org.scalatest.SuperEngine.runTestsInBranch(Engine.scala:390)
	at org.scalatest.SuperEngine.$anonfun$runTestsInBranch$1(Engine.scala:427)
	at scala.collection.immutable.List.foreach(List.scala:333)
	at org.scalatest.SuperEngine.traverseSubNodes$1(Engine.scala:401)
	at org.scalatest.SuperEngine.runTestsInBranch(Engine.scala:396)
	at org.scalatest.SuperEngine.runTestsImpl(Engine.scala:475)
	at org.scalatest.wordspec.AnyWordSpecLike.runTests(AnyWordSpecLike.scala:1146)
	at org.scalatest.wordspec.AnyWordSpecLike.runTests$(AnyWordSpecLike.scala:1145)
	at org.scalatest.wordspec.AnyWordSpec.runTests(AnyWordSpec.scala:1879)
	at org.scalatest.Suite.run(Suite.scala:1112)
	at org.scalatest.Suite.run$(Suite.scala:1094)
	at org.scalatest.wordspec.AnyWordSpec.org$scalatest$wordspec$AnyWordSpecLike$$super$run(AnyWordSpec.scala:1879)
	at org.scalatest.wordspec.AnyWordSpecLike.$anonfun$run$1(AnyWordSpecLike.scala:1191)
	at org.scalatest.SuperEngine.runImpl(Engine.scala:535)
	at org.scalatest.wordspec.AnyWordSpecLike.run(AnyWordSpecLike.scala:1191)
	at org.scalatest.wordspec.AnyWordSpecLike.run$(AnyWordSpecLike.scala:1189)
	at controllers.ApplicationControllerSpec.org$scalatestplus$play$BaseOneServerPerSuite$$super$run(ApplicationControllerSpec.scala:14)
	at org.scalatestplus.play.BaseOneServerPerSuite.run(BaseOneServerPerSuite.scala:163)
	at org.scalatestplus.play.BaseOneServerPerSuite.run$(BaseOneServerPerSuite.scala:159)
	at controllers.ApplicationControllerSpec.org$scalatest$BeforeAndAfterAll$$super$run(ApplicationControllerSpec.scala:14)
	at org.scalatest.BeforeAndAfterAll.liftedTree1$1(BeforeAndAfterAll.scala:213)
	at org.scalatest.BeforeAndAfterAll.run(BeforeAndAfterAll.scala:210)
	at org.scalatest.BeforeAndAfterAll.run$(BeforeAndAfterAll.scala:208)
	at controllers.ApplicationControllerSpec.run(ApplicationControllerSpec.scala:14)
	at org.scalatest.tools.Framework.org$scalatest$tools$Framework$$runSuite(Framework.scala:318)
	at org.scalatest.tools.Framework$ScalaTestTask.execute(Framework.scala:513)
	at sbt.ForkMain$Run.lambda$runTest$1(ForkMain.java:304)
	at java.util.concurrent.FutureTask.run(FutureTask.java:266)
	at java.util.concurrent.ThreadPoolExecutor.runWorker(ThreadPoolExecutor.java:1149)
	at java.util.concurrent.ThreadPoolExecutor$Worker.run(ThreadPoolExecutor.java:624)
	at java.lang.Thread.run(Thread.java:748)
</failure>
                                               </testcase><testcase classname="controllers.ApplicationControllerSpec" name="ApplicationController .usersRepos() should unable to render the repositories Page due to incorrect username from the router" time="0.039">
                                                 
                                               </testcase><testcase classname="controllers.ApplicationControllerSpec" name="ApplicationController() .usersRepoInfo() should login to find user's repositories under the name specified and return info about that repo" time="0.035">
                                                 <failure message="org.scalatest.exceptions.TestFailedException: 400 was not equal to 200" type="sbt.ForkMain$ForkError">sbt.ForkMain$ForkError: org.scalatest.exceptions.TestFailedException: 400 was not equal to 200
	at org.scalatest.matchers.MatchersHelper$.indicateFailure(MatchersHelper.scala:402)
	at org.scalatest.matchers.should.Matchers$AnyShouldWrapper.shouldBe(Matchers.scala:7018)
	at controllers.ApplicationControllerSpec.$anonfun$new$39(ApplicationControllerSpec.scala:411)
	at org.scalatest.OutcomeOf.outcomeOf(OutcomeOf.scala:85)
	at org.scalatest.OutcomeOf.outcomeOf$(OutcomeOf.scala:83)
	at org.scalatest.OutcomeOf$.outcomeOf(OutcomeOf.scala:104)
	at org.scalatest.Transformer.apply(Transformer.scala:22)
	at org.scalatest.Transformer.apply(Transformer.scala:20)
	at org.scalatest.wordspec.AnyWordSpecLike$$anon$3.apply(AnyWordSpecLike.scala:1077)
	at org.scalatest.TestSuite.withFixture(TestSuite.scala:196)
	at org.scalatest.TestSuite.withFixture$(TestSuite.scala:195)
	at org.scalatest.wordspec.AnyWordSpec.withFixture(AnyWordSpec.scala:1879)
	at org.scalatest.wordspec.AnyWordSpecLike.invokeWithFixture$1(AnyWordSpecLike.scala:1075)
	at org.scalatest.wordspec.AnyWordSpecLike.$anonfun$runTest$1(AnyWordSpecLike.scala:1087)
	at org.scalatest.SuperEngine.runTestImpl(Engine.scala:306)
	at org.scalatest.wordspec.AnyWordSpecLike.runTest(AnyWordSpecLike.scala:1087)
	at org.scalatest.wordspec.AnyWordSpecLike.runTest$(AnyWordSpecLike.scala:1069)
	at controllers.ApplicationControllerSpec.org$scalatest$BeforeAndAfterEach$$super$runTest(ApplicationControllerSpec.scala:14)
	at org.scalatest.BeforeAndAfterEach.runTest(BeforeAndAfterEach.scala:234)
	at org.scalatest.BeforeAndAfterEach.runTest$(BeforeAndAfterEach.scala:227)
	at controllers.ApplicationControllerSpec.runTest(ApplicationControllerSpec.scala:14)
	at org.scalatest.wordspec.AnyWordSpecLike.$anonfun$runTests$1(AnyWordSpecLike.scala:1146)
	at org.scalatest.SuperEngine.$anonfun$runTestsInBranch$1(Engine.scala:413)
	at scala.collection.immutable.List.foreach(List.scala:333)
	at org.scalatest.SuperEngine.traverseSubNodes$1(Engine.scala:401)
	at org.scalatest.SuperEngine.runTestsInBranch(Engine.scala:390)
	at org.scalatest.SuperEngine.$anonfun$runTestsInBranch$1(Engine.scala:427)
	at scala.collection.immutable.List.foreach(List.scala:333)
	at org.scalatest.SuperEngine.traverseSubNodes$1(Engine.scala:401)
	at org.scalatest.SuperEngine.runTestsInBranch(Engine.scala:396)
	at org.scalatest.SuperEngine.runTestsImpl(Engine.scala:475)
	at org.scalatest.wordspec.AnyWordSpecLike.runTests(AnyWordSpecLike.scala:1146)
	at org.scalatest.wordspec.AnyWordSpecLike.runTests$(AnyWordSpecLike.scala:1145)
	at org.scalatest.wordspec.AnyWordSpec.runTests(AnyWordSpec.scala:1879)
	at org.scalatest.Suite.run(Suite.scala:1112)
	at org.scalatest.Suite.run$(Suite.scala:1094)
	at org.scalatest.wordspec.AnyWordSpec.org$scalatest$wordspec$AnyWordSpecLike$$super$run(AnyWordSpec.scala:1879)
	at org.scalatest.wordspec.AnyWordSpecLike.$anonfun$run$1(AnyWordSpecLike.scala:1191)
	at org.scalatest.SuperEngine.runImpl(Engine.scala:535)
	at org.scalatest.wordspec.AnyWordSpecLike.run(AnyWordSpecLike.scala:1191)
	at org.scalatest.wordspec.AnyWordSpecLike.run$(AnyWordSpecLike.scala:1189)
	at controllers.ApplicationControllerSpec.org$scalatestplus$play$BaseOneServerPerSuite$$super$run(ApplicationControllerSpec.scala:14)
	at org.scalatestplus.play.BaseOneServerPerSuite.run(BaseOneServerPerSuite.scala:163)
	at org.scalatestplus.play.BaseOneServerPerSuite.run$(BaseOneServerPerSuite.scala:159)
	at controllers.ApplicationControllerSpec.org$scalatest$BeforeAndAfterAll$$super$run(ApplicationControllerSpec.scala:14)
	at org.scalatest.BeforeAndAfterAll.liftedTree1$1(BeforeAndAfterAll.scala:213)
	at org.scalatest.BeforeAndAfterAll.run(BeforeAndAfterAll.scala:210)
	at org.scalatest.BeforeAndAfterAll.run$(BeforeAndAfterAll.scala:208)
	at controllers.ApplicationControllerSpec.run(ApplicationControllerSpec.scala:14)
	at org.scalatest.tools.Framework.org$scalatest$tools$Framework$$runSuite(Framework.scala:318)
	at org.scalatest.tools.Framework$ScalaTestTask.execute(Framework.scala:513)
	at sbt.ForkMain$Run.lambda$runTest$1(ForkMain.java:304)
	at java.util.concurrent.FutureTask.run(FutureTask.java:266)
	at java.util.concurrent.ThreadPoolExecutor.runWorker(ThreadPoolExecutor.java:1149)
	at java.util.concurrent.ThreadPoolExecutor$Worker.run(ThreadPoolExecutor.java:624)
	at java.lang.Thread.run(Thread.java:748)
</failure>
                                               </testcase><testcase classname="controllers.ApplicationControllerSpec" name="ApplicationController() .usersRepoInfo() should use incorrect login return api error" time="0.034">
                                                 
                                               </testcase><testcase classname="controllers.ApplicationControllerSpec" name="ApplicationController() .usersRepoInfo() should use login for user with no repositories, return api error" time="0.035">
                                                 
                                               </testcase><testcase classname="controllers.ApplicationControllerSpec" name="ApplicationController() .usersRepoInfo() should render the repoInfo page from the router" time="0.039">
                                                 <failure message="org.scalatest.exceptions.TestFailedException: 400 was not equal to 200" type="sbt.ForkMain$ForkError">sbt.ForkMain$ForkError: org.scalatest.exceptions.TestFailedException: 400 was not equal to 200
	at org.scalatest.matchers.MatchersHelper$.indicateFailure(MatchersHelper.scala:402)
	at org.scalatest.matchers.should.Matchers$AnyShouldWrapper.shouldBe(Matchers.scala:7018)
	at controllers.ApplicationControllerSpec.$anonfun$new$42(ApplicationControllerSpec.scala:441)
	at org.scalatest.OutcomeOf.outcomeOf(OutcomeOf.scala:85)
	at org.scalatest.OutcomeOf.outcomeOf$(OutcomeOf.scala:83)
	at org.scalatest.OutcomeOf$.outcomeOf(OutcomeOf.scala:104)
	at org.scalatest.Transformer.apply(Transformer.scala:22)
	at org.scalatest.Transformer.apply(Transformer.scala:20)
	at org.scalatest.wordspec.AnyWordSpecLike$$anon$3.apply(AnyWordSpecLike.scala:1077)
	at org.scalatest.TestSuite.withFixture(TestSuite.scala:196)
	at org.scalatest.TestSuite.withFixture$(TestSuite.scala:195)
	at org.scalatest.wordspec.AnyWordSpec.withFixture(AnyWordSpec.scala:1879)
	at org.scalatest.wordspec.AnyWordSpecLike.invokeWithFixture$1(AnyWordSpecLike.scala:1075)
	at org.scalatest.wordspec.AnyWordSpecLike.$anonfun$runTest$1(AnyWordSpecLike.scala:1087)
	at org.scalatest.SuperEngine.runTestImpl(Engine.scala:306)
	at org.scalatest.wordspec.AnyWordSpecLike.runTest(AnyWordSpecLike.scala:1087)
	at org.scalatest.wordspec.AnyWordSpecLike.runTest$(AnyWordSpecLike.scala:1069)
	at controllers.ApplicationControllerSpec.org$scalatest$BeforeAndAfterEach$$super$runTest(ApplicationControllerSpec.scala:14)
	at org.scalatest.BeforeAndAfterEach.runTest(BeforeAndAfterEach.scala:234)
	at org.scalatest.BeforeAndAfterEach.runTest$(BeforeAndAfterEach.scala:227)
	at controllers.ApplicationControllerSpec.runTest(ApplicationControllerSpec.scala:14)
	at org.scalatest.wordspec.AnyWordSpecLike.$anonfun$runTests$1(AnyWordSpecLike.scala:1146)
	at org.scalatest.SuperEngine.$anonfun$runTestsInBranch$1(Engine.scala:413)
	at scala.collection.immutable.List.foreach(List.scala:333)
	at org.scalatest.SuperEngine.traverseSubNodes$1(Engine.scala:401)
	at org.scalatest.SuperEngine.runTestsInBranch(Engine.scala:390)
	at org.scalatest.SuperEngine.$anonfun$runTestsInBranch$1(Engine.scala:427)
	at scala.collection.immutable.List.foreach(List.scala:333)
	at org.scalatest.SuperEngine.traverseSubNodes$1(Engine.scala:401)
	at org.scalatest.SuperEngine.runTestsInBranch(Engine.scala:396)
	at org.scalatest.SuperEngine.runTestsImpl(Engine.scala:475)
	at org.scalatest.wordspec.AnyWordSpecLike.runTests(AnyWordSpecLike.scala:1146)
	at org.scalatest.wordspec.AnyWordSpecLike.runTests$(AnyWordSpecLike.scala:1145)
	at org.scalatest.wordspec.AnyWordSpec.runTests(AnyWordSpec.scala:1879)
	at org.scalatest.Suite.run(Suite.scala:1112)
	at org.scalatest.Suite.run$(Suite.scala:1094)
	at org.scalatest.wordspec.AnyWordSpec.org$scalatest$wordspec$AnyWordSpecLike$$super$run(AnyWordSpec.scala:1879)
	at org.scalatest.wordspec.AnyWordSpecLike.$anonfun$run$1(AnyWordSpecLike.scala:1191)
	at org.scalatest.SuperEngine.runImpl(Engine.scala:535)
	at org.scalatest.wordspec.AnyWordSpecLike.run(AnyWordSpecLike.scala:1191)
	at org.scalatest.wordspec.AnyWordSpecLike.run$(AnyWordSpecLike.scala:1189)
	at controllers.ApplicationControllerSpec.org$scalatestplus$play$BaseOneServerPerSuite$$super$run(ApplicationControllerSpec.scala:14)
	at org.scalatestplus.play.BaseOneServerPerSuite.run(BaseOneServerPerSuite.scala:163)
	at org.scalatestplus.play.BaseOneServerPerSuite.run$(BaseOneServerPerSuite.scala:159)
	at controllers.ApplicationControllerSpec.org$scalatest$BeforeAndAfterAll$$super$run(ApplicationControllerSpec.scala:14)
	at org.scalatest.BeforeAndAfterAll.liftedTree1$1(BeforeAndAfterAll.scala:213)
	at org.scalatest.BeforeAndAfterAll.run(BeforeAndAfterAll.scala:210)
	at org.scalatest.BeforeAndAfterAll.run$(BeforeAndAfterAll.scala:208)
	at controllers.ApplicationControllerSpec.run(ApplicationControllerSpec.scala:14)
	at org.scalatest.tools.Framework.org$scalatest$tools$Framework$$runSuite(Framework.scala:318)
	at org.scalatest.tools.Framework$ScalaTestTask.execute(Framework.scala:513)
	at sbt.ForkMain$Run.lambda$runTest$1(ForkMain.java:304)
	at java.util.concurrent.FutureTask.run(FutureTask.java:266)
	at java.util.concurrent.ThreadPoolExecutor.runWorker(ThreadPoolExecutor.java:1149)
	at java.util.concurrent.ThreadPoolExecutor$Worker.run(ThreadPoolExecutor.java:624)
	at java.lang.Thread.run(Thread.java:748)
</failure>
                                               </testcase><testcase classname="controllers.ApplicationControllerSpec" name="ApplicationController() .usersRepoInfo() should unable to render the repositories Page due to incorrect username from the router" time="0.033">
                                                 
                                               </testcase><testcase classname="controllers.ApplicationControllerSpec" name="ApplicationController() .repoContent() should login to find user's repositories under the name specified and return info about that repo" time="0.037">
                                                 <failure message="org.scalatest.exceptions.TestFailedException: 400 was not equal to 200" type="sbt.ForkMain$ForkError">sbt.ForkMain$ForkError: org.scalatest.exceptions.TestFailedException: 400 was not equal to 200
	at org.scalatest.matchers.MatchersHelper$.indicateFailure(MatchersHelper.scala:402)
	at org.scalatest.matchers.should.Matchers$AnyShouldWrapper.shouldBe(Matchers.scala:7018)
	at controllers.ApplicationControllerSpec.$anonfun$new$45(ApplicationControllerSpec.scala:464)
	at org.scalatest.OutcomeOf.outcomeOf(OutcomeOf.scala:85)
	at org.scalatest.OutcomeOf.outcomeOf$(OutcomeOf.scala:83)
	at org.scalatest.OutcomeOf$.outcomeOf(OutcomeOf.scala:104)
	at org.scalatest.Transformer.apply(Transformer.scala:22)
	at org.scalatest.Transformer.apply(Transformer.scala:20)
	at org.scalatest.wordspec.AnyWordSpecLike$$anon$3.apply(AnyWordSpecLike.scala:1077)
	at org.scalatest.TestSuite.withFixture(TestSuite.scala:196)
	at org.scalatest.TestSuite.withFixture$(TestSuite.scala:195)
	at org.scalatest.wordspec.AnyWordSpec.withFixture(AnyWordSpec.scala:1879)
	at org.scalatest.wordspec.AnyWordSpecLike.invokeWithFixture$1(AnyWordSpecLike.scala:1075)
	at org.scalatest.wordspec.AnyWordSpecLike.$anonfun$runTest$1(AnyWordSpecLike.scala:1087)
	at org.scalatest.SuperEngine.runTestImpl(Engine.scala:306)
	at org.scalatest.wordspec.AnyWordSpecLike.runTest(AnyWordSpecLike.scala:1087)
	at org.scalatest.wordspec.AnyWordSpecLike.runTest$(AnyWordSpecLike.scala:1069)
	at controllers.ApplicationControllerSpec.org$scalatest$BeforeAndAfterEach$$super$runTest(ApplicationControllerSpec.scala:14)
	at org.scalatest.BeforeAndAfterEach.runTest(BeforeAndAfterEach.scala:234)
	at org.scalatest.BeforeAndAfterEach.runTest$(BeforeAndAfterEach.scala:227)
	at controllers.ApplicationControllerSpec.runTest(ApplicationControllerSpec.scala:14)
	at org.scalatest.wordspec.AnyWordSpecLike.$anonfun$runTests$1(AnyWordSpecLike.scala:1146)
	at org.scalatest.SuperEngine.$anonfun$runTestsInBranch$1(Engine.scala:413)
	at scala.collection.immutable.List.foreach(List.scala:333)
	at org.scalatest.SuperEngine.traverseSubNodes$1(Engine.scala:401)
	at org.scalatest.SuperEngine.runTestsInBranch(Engine.scala:390)
	at org.scalatest.SuperEngine.$anonfun$runTestsInBranch$1(Engine.scala:427)
	at scala.collection.immutable.List.foreach(List.scala:333)
	at org.scalatest.SuperEngine.traverseSubNodes$1(Engine.scala:401)
	at org.scalatest.SuperEngine.runTestsInBranch(Engine.scala:396)
	at org.scalatest.SuperEngine.runTestsImpl(Engine.scala:475)
	at org.scalatest.wordspec.AnyWordSpecLike.runTests(AnyWordSpecLike.scala:1146)
	at org.scalatest.wordspec.AnyWordSpecLike.runTests$(AnyWordSpecLike.scala:1145)
	at org.scalatest.wordspec.AnyWordSpec.runTests(AnyWordSpec.scala:1879)
	at org.scalatest.Suite.run(Suite.scala:1112)
	at org.scalatest.Suite.run$(Suite.scala:1094)
	at org.scalatest.wordspec.AnyWordSpec.org$scalatest$wordspec$AnyWordSpecLike$$super$run(AnyWordSpec.scala:1879)
	at org.scalatest.wordspec.AnyWordSpecLike.$anonfun$run$1(AnyWordSpecLike.scala:1191)
	at org.scalatest.SuperEngine.runImpl(Engine.scala:535)
	at org.scalatest.wordspec.AnyWordSpecLike.run(AnyWordSpecLike.scala:1191)
	at org.scalatest.wordspec.AnyWordSpecLike.run$(AnyWordSpecLike.scala:1189)
	at controllers.ApplicationControllerSpec.org$scalatestplus$play$BaseOneServerPerSuite$$super$run(ApplicationControllerSpec.scala:14)
	at org.scalatestplus.play.BaseOneServerPerSuite.run(BaseOneServerPerSuite.scala:163)
	at org.scalatestplus.play.BaseOneServerPerSuite.run$(BaseOneServerPerSuite.scala:159)
	at controllers.ApplicationControllerSpec.org$scalatest$BeforeAndAfterAll$$super$run(ApplicationControllerSpec.scala:14)
	at org.scalatest.BeforeAndAfterAll.liftedTree1$1(BeforeAndAfterAll.scala:213)
	at org.scalatest.BeforeAndAfterAll.run(BeforeAndAfterAll.scala:210)
	at org.scalatest.BeforeAndAfterAll.run$(BeforeAndAfterAll.scala:208)
	at controllers.ApplicationControllerSpec.run(ApplicationControllerSpec.scala:14)
	at org.scalatest.tools.Framework.org$scalatest$tools$Framework$$runSuite(Framework.scala:318)
	at org.scalatest.tools.Framework$ScalaTestTask.execute(Framework.scala:513)
	at sbt.ForkMain$Run.lambda$runTest$1(ForkMain.java:304)
	at java.util.concurrent.FutureTask.run(FutureTask.java:266)
	at java.util.concurrent.ThreadPoolExecutor.runWorker(ThreadPoolExecutor.java:1149)
	at java.util.concurrent.ThreadPoolExecutor$Worker.run(ThreadPoolExecutor.java:624)
	at java.lang.Thread.run(Thread.java:748)
</failure>
                                               </testcase><testcase classname="controllers.ApplicationControllerSpec" name="ApplicationController() .repoContent() should use incorrect login return api error" time="0.037">
                                                 
                                               </testcase><testcase classname="controllers.ApplicationControllerSpec" name="ApplicationController() .repoContent() should use login for user with no repositories, return api error" time="0.046">
                                                 
                                               </testcase><testcase classname="controllers.ApplicationControllerSpec" name="ApplicationController() .repoContent() should render the repoInfo page from the router" time="0.057">
                                                 <failure message="org.scalatest.exceptions.TestFailedException: 400 was not equal to 200" type="sbt.ForkMain$ForkError">sbt.ForkMain$ForkError: org.scalatest.exceptions.TestFailedException: 400 was not equal to 200
	at org.scalatest.matchers.MatchersHelper$.indicateFailure(MatchersHelper.scala:402)
	at org.scalatest.matchers.should.Matchers$AnyShouldWrapper.shouldBe(Matchers.scala:7018)
	at controllers.ApplicationControllerSpec.$anonfun$new$48(ApplicationControllerSpec.scala:494)
	at org.scalatest.OutcomeOf.outcomeOf(OutcomeOf.scala:85)
	at org.scalatest.OutcomeOf.outcomeOf$(OutcomeOf.scala:83)
	at org.scalatest.OutcomeOf$.outcomeOf(OutcomeOf.scala:104)
	at org.scalatest.Transformer.apply(Transformer.scala:22)
	at org.scalatest.Transformer.apply(Transformer.scala:20)
	at org.scalatest.wordspec.AnyWordSpecLike$$anon$3.apply(AnyWordSpecLike.scala:1077)
	at org.scalatest.TestSuite.withFixture(TestSuite.scala:196)
	at org.scalatest.TestSuite.withFixture$(TestSuite.scala:195)
	at org.scalatest.wordspec.AnyWordSpec.withFixture(AnyWordSpec.scala:1879)
	at org.scalatest.wordspec.AnyWordSpecLike.invokeWithFixture$1(AnyWordSpecLike.scala:1075)
	at org.scalatest.wordspec.AnyWordSpecLike.$anonfun$runTest$1(AnyWordSpecLike.scala:1087)
	at org.scalatest.SuperEngine.runTestImpl(Engine.scala:306)
	at org.scalatest.wordspec.AnyWordSpecLike.runTest(AnyWordSpecLike.scala:1087)
	at org.scalatest.wordspec.AnyWordSpecLike.runTest$(AnyWordSpecLike.scala:1069)
	at controllers.ApplicationControllerSpec.org$scalatest$BeforeAndAfterEach$$super$runTest(ApplicationControllerSpec.scala:14)
	at org.scalatest.BeforeAndAfterEach.runTest(BeforeAndAfterEach.scala:234)
	at org.scalatest.BeforeAndAfterEach.runTest$(BeforeAndAfterEach.scala:227)
	at controllers.ApplicationControllerSpec.runTest(ApplicationControllerSpec.scala:14)
	at org.scalatest.wordspec.AnyWordSpecLike.$anonfun$runTests$1(AnyWordSpecLike.scala:1146)
	at org.scalatest.SuperEngine.$anonfun$runTestsInBranch$1(Engine.scala:413)
	at scala.collection.immutable.List.foreach(List.scala:333)
	at org.scalatest.SuperEngine.traverseSubNodes$1(Engine.scala:401)
	at org.scalatest.SuperEngine.runTestsInBranch(Engine.scala:390)
	at org.scalatest.SuperEngine.$anonfun$runTestsInBranch$1(Engine.scala:427)
	at scala.collection.immutable.List.foreach(List.scala:333)
	at org.scalatest.SuperEngine.traverseSubNodes$1(Engine.scala:401)
	at org.scalatest.SuperEngine.runTestsInBranch(Engine.scala:396)
	at org.scalatest.SuperEngine.runTestsImpl(Engine.scala:475)
	at org.scalatest.wordspec.AnyWordSpecLike.runTests(AnyWordSpecLike.scala:1146)
	at org.scalatest.wordspec.AnyWordSpecLike.runTests$(AnyWordSpecLike.scala:1145)
	at org.scalatest.wordspec.AnyWordSpec.runTests(AnyWordSpec.scala:1879)
	at org.scalatest.Suite.run(Suite.scala:1112)
	at org.scalatest.Suite.run$(Suite.scala:1094)
	at org.scalatest.wordspec.AnyWordSpec.org$scalatest$wordspec$AnyWordSpecLike$$super$run(AnyWordSpec.scala:1879)
	at org.scalatest.wordspec.AnyWordSpecLike.$anonfun$run$1(AnyWordSpecLike.scala:1191)
	at org.scalatest.SuperEngine.runImpl(Engine.scala:535)
	at org.scalatest.wordspec.AnyWordSpecLike.run(AnyWordSpecLike.scala:1191)
	at org.scalatest.wordspec.AnyWordSpecLike.run$(AnyWordSpecLike.scala:1189)
	at controllers.ApplicationControllerSpec.org$scalatestplus$play$BaseOneServerPerSuite$$super$run(ApplicationControllerSpec.scala:14)
	at org.scalatestplus.play.BaseOneServerPerSuite.run(BaseOneServerPerSuite.scala:163)
	at org.scalatestplus.play.BaseOneServerPerSuite.run$(BaseOneServerPerSuite.scala:159)
	at controllers.ApplicationControllerSpec.org$scalatest$BeforeAndAfterAll$$super$run(ApplicationControllerSpec.scala:14)
	at org.scalatest.BeforeAndAfterAll.liftedTree1$1(BeforeAndAfterAll.scala:213)
	at org.scalatest.BeforeAndAfterAll.run(BeforeAndAfterAll.scala:210)
	at org.scalatest.BeforeAndAfterAll.run$(BeforeAndAfterAll.scala:208)
	at controllers.ApplicationControllerSpec.run(ApplicationControllerSpec.scala:14)
	at org.scalatest.tools.Framework.org$scalatest$tools$Framework$$runSuite(Framework.scala:318)
	at org.scalatest.tools.Framework$ScalaTestTask.execute(Framework.scala:513)
	at sbt.ForkMain$Run.lambda$runTest$1(ForkMain.java:304)
	at java.util.concurrent.FutureTask.run(FutureTask.java:266)
	at java.util.concurrent.ThreadPoolExecutor.runWorker(ThreadPoolExecutor.java:1149)
	at java.util.concurrent.ThreadPoolExecutor$Worker.run(ThreadPoolExecutor.java:624)
	at java.lang.Thread.run(Thread.java:748)
</failure>
                                               </testcase><testcase classname="controllers.ApplicationControllerSpec" name="ApplicationController() .repoContent() should unable to render the repositories Page due to incorrect username from the router" time="0.032">
                                                 
                                               </testcase><testcase classname="controllers.ApplicationControllerSpec" name="ApplicationController() .dirContent() should login to find user's repositories under the name specified and return folders and files form that repo" time="0.037">
                                                 <failure message="org.scalatest.exceptions.TestFailedException: 400 was not equal to 200" type="sbt.ForkMain$ForkError">sbt.ForkMain$ForkError: org.scalatest.exceptions.TestFailedException: 400 was not equal to 200
	at org.scalatest.matchers.MatchersHelper$.indicateFailure(MatchersHelper.scala:402)
	at org.scalatest.matchers.should.Matchers$AnyShouldWrapper.shouldBe(Matchers.scala:7018)
	at controllers.ApplicationControllerSpec.$anonfun$new$51(ApplicationControllerSpec.scala:518)
	at org.scalatest.OutcomeOf.outcomeOf(OutcomeOf.scala:85)
	at org.scalatest.OutcomeOf.outcomeOf$(OutcomeOf.scala:83)
	at org.scalatest.OutcomeOf$.outcomeOf(OutcomeOf.scala:104)
	at org.scalatest.Transformer.apply(Transformer.scala:22)
	at org.scalatest.Transformer.apply(Transformer.scala:20)
	at org.scalatest.wordspec.AnyWordSpecLike$$anon$3.apply(AnyWordSpecLike.scala:1077)
	at org.scalatest.TestSuite.withFixture(TestSuite.scala:196)
	at org.scalatest.TestSuite.withFixture$(TestSuite.scala:195)
	at org.scalatest.wordspec.AnyWordSpec.withFixture(AnyWordSpec.scala:1879)
	at org.scalatest.wordspec.AnyWordSpecLike.invokeWithFixture$1(AnyWordSpecLike.scala:1075)
	at org.scalatest.wordspec.AnyWordSpecLike.$anonfun$runTest$1(AnyWordSpecLike.scala:1087)
	at org.scalatest.SuperEngine.runTestImpl(Engine.scala:306)
	at org.scalatest.wordspec.AnyWordSpecLike.runTest(AnyWordSpecLike.scala:1087)
	at org.scalatest.wordspec.AnyWordSpecLike.runTest$(AnyWordSpecLike.scala:1069)
	at controllers.ApplicationControllerSpec.org$scalatest$BeforeAndAfterEach$$super$runTest(ApplicationControllerSpec.scala:14)
	at org.scalatest.BeforeAndAfterEach.runTest(BeforeAndAfterEach.scala:234)
	at org.scalatest.BeforeAndAfterEach.runTest$(BeforeAndAfterEach.scala:227)
	at controllers.ApplicationControllerSpec.runTest(ApplicationControllerSpec.scala:14)
	at org.scalatest.wordspec.AnyWordSpecLike.$anonfun$runTests$1(AnyWordSpecLike.scala:1146)
	at org.scalatest.SuperEngine.$anonfun$runTestsInBranch$1(Engine.scala:413)
	at scala.collection.immutable.List.foreach(List.scala:333)
	at org.scalatest.SuperEngine.traverseSubNodes$1(Engine.scala:401)
	at org.scalatest.SuperEngine.runTestsInBranch(Engine.scala:390)
	at org.scalatest.SuperEngine.$anonfun$runTestsInBranch$1(Engine.scala:427)
	at scala.collection.immutable.List.foreach(List.scala:333)
	at org.scalatest.SuperEngine.traverseSubNodes$1(Engine.scala:401)
	at org.scalatest.SuperEngine.runTestsInBranch(Engine.scala:396)
	at org.scalatest.SuperEngine.runTestsImpl(Engine.scala:475)
	at org.scalatest.wordspec.AnyWordSpecLike.runTests(AnyWordSpecLike.scala:1146)
	at org.scalatest.wordspec.AnyWordSpecLike.runTests$(AnyWordSpecLike.scala:1145)
	at org.scalatest.wordspec.AnyWordSpec.runTests(AnyWordSpec.scala:1879)
	at org.scalatest.Suite.run(Suite.scala:1112)
	at org.scalatest.Suite.run$(Suite.scala:1094)
	at org.scalatest.wordspec.AnyWordSpec.org$scalatest$wordspec$AnyWordSpecLike$$super$run(AnyWordSpec.scala:1879)
	at org.scalatest.wordspec.AnyWordSpecLike.$anonfun$run$1(AnyWordSpecLike.scala:1191)
	at org.scalatest.SuperEngine.runImpl(Engine.scala:535)
	at org.scalatest.wordspec.AnyWordSpecLike.run(AnyWordSpecLike.scala:1191)
	at org.scalatest.wordspec.AnyWordSpecLike.run$(AnyWordSpecLike.scala:1189)
	at controllers.ApplicationControllerSpec.org$scalatestplus$play$BaseOneServerPerSuite$$super$run(ApplicationControllerSpec.scala:14)
	at org.scalatestplus.play.BaseOneServerPerSuite.run(BaseOneServerPerSuite.scala:163)
	at org.scalatestplus.play.BaseOneServerPerSuite.run$(BaseOneServerPerSuite.scala:159)
	at controllers.ApplicationControllerSpec.org$scalatest$BeforeAndAfterAll$$super$run(ApplicationControllerSpec.scala:14)
	at org.scalatest.BeforeAndAfterAll.liftedTree1$1(BeforeAndAfterAll.scala:213)
	at org.scalatest.BeforeAndAfterAll.run(BeforeAndAfterAll.scala:210)
	at org.scalatest.BeforeAndAfterAll.run$(BeforeAndAfterAll.scala:208)
	at controllers.ApplicationControllerSpec.run(ApplicationControllerSpec.scala:14)
	at org.scalatest.tools.Framework.org$scalatest$tools$Framework$$runSuite(Framework.scala:318)
	at org.scalatest.tools.Framework$ScalaTestTask.execute(Framework.scala:513)
	at sbt.ForkMain$Run.lambda$runTest$1(ForkMain.java:304)
	at java.util.concurrent.FutureTask.run(FutureTask.java:266)
	at java.util.concurrent.ThreadPoolExecutor.runWorker(ThreadPoolExecutor.java:1149)
	at java.util.concurrent.ThreadPoolExecutor$Worker.run(ThreadPoolExecutor.java:624)
	at java.lang.Thread.run(Thread.java:748)
</failure>
                                               </testcase><testcase classname="controllers.ApplicationControllerSpec" name="ApplicationController() .dirContent() should use incorrect login return api error" time="0.034">
                                                 
                                               </testcase><testcase classname="controllers.ApplicationControllerSpec" name="ApplicationController() .dirContent() should use login for user with no repositories, return api error" time="0.032">
                                                 
                                               </testcase><testcase classname="controllers.ApplicationControllerSpec" name="ApplicationController() .dirContent() should render the foldersAndFiles page from the router" time="0.042">
                                                 <failure message="org.scalatest.exceptions.TestFailedException: 400 was not equal to 200" type="sbt.ForkMain$ForkError">sbt.ForkMain$ForkError: org.scalatest.exceptions.TestFailedException: 400 was not equal to 200
	at org.scalatest.matchers.MatchersHelper$.indicateFailure(MatchersHelper.scala:402)
	at org.scalatest.matchers.should.Matchers$AnyShouldWrapper.shouldBe(Matchers.scala:7018)
	at controllers.ApplicationControllerSpec.$anonfun$new$54(ApplicationControllerSpec.scala:548)
	at org.scalatest.OutcomeOf.outcomeOf(OutcomeOf.scala:85)
	at org.scalatest.OutcomeOf.outcomeOf$(OutcomeOf.scala:83)
	at org.scalatest.OutcomeOf$.outcomeOf(OutcomeOf.scala:104)
	at org.scalatest.Transformer.apply(Transformer.scala:22)
	at org.scalatest.Transformer.apply(Transformer.scala:20)
	at org.scalatest.wordspec.AnyWordSpecLike$$anon$3.apply(AnyWordSpecLike.scala:1077)
	at org.scalatest.TestSuite.withFixture(TestSuite.scala:196)
	at org.scalatest.TestSuite.withFixture$(TestSuite.scala:195)
	at org.scalatest.wordspec.AnyWordSpec.withFixture(AnyWordSpec.scala:1879)
	at org.scalatest.wordspec.AnyWordSpecLike.invokeWithFixture$1(AnyWordSpecLike.scala:1075)
	at org.scalatest.wordspec.AnyWordSpecLike.$anonfun$runTest$1(AnyWordSpecLike.scala:1087)
	at org.scalatest.SuperEngine.runTestImpl(Engine.scala:306)
	at org.scalatest.wordspec.AnyWordSpecLike.runTest(AnyWordSpecLike.scala:1087)
	at org.scalatest.wordspec.AnyWordSpecLike.runTest$(AnyWordSpecLike.scala:1069)
	at controllers.ApplicationControllerSpec.org$scalatest$BeforeAndAfterEach$$super$runTest(ApplicationControllerSpec.scala:14)
	at org.scalatest.BeforeAndAfterEach.runTest(BeforeAndAfterEach.scala:234)
	at org.scalatest.BeforeAndAfterEach.runTest$(BeforeAndAfterEach.scala:227)
	at controllers.ApplicationControllerSpec.runTest(ApplicationControllerSpec.scala:14)
	at org.scalatest.wordspec.AnyWordSpecLike.$anonfun$runTests$1(AnyWordSpecLike.scala:1146)
	at org.scalatest.SuperEngine.$anonfun$runTestsInBranch$1(Engine.scala:413)
	at scala.collection.immutable.List.foreach(List.scala:333)
	at org.scalatest.SuperEngine.traverseSubNodes$1(Engine.scala:401)
	at org.scalatest.SuperEngine.runTestsInBranch(Engine.scala:390)
	at org.scalatest.SuperEngine.$anonfun$runTestsInBranch$1(Engine.scala:427)
	at scala.collection.immutable.List.foreach(List.scala:333)
	at org.scalatest.SuperEngine.traverseSubNodes$1(Engine.scala:401)
	at org.scalatest.SuperEngine.runTestsInBranch(Engine.scala:396)
	at org.scalatest.SuperEngine.runTestsImpl(Engine.scala:475)
	at org.scalatest.wordspec.AnyWordSpecLike.runTests(AnyWordSpecLike.scala:1146)
	at org.scalatest.wordspec.AnyWordSpecLike.runTests$(AnyWordSpecLike.scala:1145)
	at org.scalatest.wordspec.AnyWordSpec.runTests(AnyWordSpec.scala:1879)
	at org.scalatest.Suite.run(Suite.scala:1112)
	at org.scalatest.Suite.run$(Suite.scala:1094)
	at org.scalatest.wordspec.AnyWordSpec.org$scalatest$wordspec$AnyWordSpecLike$$super$run(AnyWordSpec.scala:1879)
	at org.scalatest.wordspec.AnyWordSpecLike.$anonfun$run$1(AnyWordSpecLike.scala:1191)
	at org.scalatest.SuperEngine.runImpl(Engine.scala:535)
	at org.scalatest.wordspec.AnyWordSpecLike.run(AnyWordSpecLike.scala:1191)
	at org.scalatest.wordspec.AnyWordSpecLike.run$(AnyWordSpecLike.scala:1189)
	at controllers.ApplicationControllerSpec.org$scalatestplus$play$BaseOneServerPerSuite$$super$run(ApplicationControllerSpec.scala:14)
	at org.scalatestplus.play.BaseOneServerPerSuite.run(BaseOneServerPerSuite.scala:163)
	at org.scalatestplus.play.BaseOneServerPerSuite.run$(BaseOneServerPerSuite.scala:159)
	at controllers.ApplicationControllerSpec.org$scalatest$BeforeAndAfterAll$$super$run(ApplicationControllerSpec.scala:14)
	at org.scalatest.BeforeAndAfterAll.liftedTree1$1(BeforeAndAfterAll.scala:213)
	at org.scalatest.BeforeAndAfterAll.run(BeforeAndAfterAll.scala:210)
	at org.scalatest.BeforeAndAfterAll.run$(BeforeAndAfterAll.scala:208)
	at controllers.ApplicationControllerSpec.run(ApplicationControllerSpec.scala:14)
	at org.scalatest.tools.Framework.org$scalatest$tools$Framework$$runSuite(Framework.scala:318)
	at org.scalatest.tools.Framework$ScalaTestTask.execute(Framework.scala:513)
	at sbt.ForkMain$Run.lambda$runTest$1(ForkMain.java:304)
	at java.util.concurrent.FutureTask.run(FutureTask.java:266)
	at java.util.concurrent.ThreadPoolExecutor.runWorker(ThreadPoolExecutor.java:1149)
	at java.util.concurrent.ThreadPoolExecutor$Worker.run(ThreadPoolExecutor.java:624)
	at java.lang.Thread.run(Thread.java:748)
</failure>
                                               </testcase><testcase classname="controllers.ApplicationControllerSpec" name="ApplicationController() .dirContent() should unable to render the foldersAndFiles Page due to incorrect username from the router" time="0.033">
                                                 
                                               </testcase><testcase classname="controllers.ApplicationControllerSpec" name="ApplicationController() .fileContent() should login to find user's repositories under the name specified and return folders and files form that repo" time="0.047">
                                                 <failure message="org.scalatest.exceptions.TestFailedException: 400 was not equal to 200" type="sbt.ForkMain$ForkError">sbt.ForkMain$ForkError: org.scalatest.exceptions.TestFailedException: 400 was not equal to 200
	at org.scalatest.matchers.MatchersHelper$.indicateFailure(MatchersHelper.scala:402)
	at org.scalatest.matchers.should.Matchers$AnyShouldWrapper.shouldBe(Matchers.scala:7018)
	at controllers.ApplicationControllerSpec.$anonfun$new$57(ApplicationControllerSpec.scala:571)
	at org.scalatest.OutcomeOf.outcomeOf(OutcomeOf.scala:85)
	at org.scalatest.OutcomeOf.outcomeOf$(OutcomeOf.scala:83)
	at org.scalatest.OutcomeOf$.outcomeOf(OutcomeOf.scala:104)
	at org.scalatest.Transformer.apply(Transformer.scala:22)
	at org.scalatest.Transformer.apply(Transformer.scala:20)
	at org.scalatest.wordspec.AnyWordSpecLike$$anon$3.apply(AnyWordSpecLike.scala:1077)
	at org.scalatest.TestSuite.withFixture(TestSuite.scala:196)
	at org.scalatest.TestSuite.withFixture$(TestSuite.scala:195)
	at org.scalatest.wordspec.AnyWordSpec.withFixture(AnyWordSpec.scala:1879)
	at org.scalatest.wordspec.AnyWordSpecLike.invokeWithFixture$1(AnyWordSpecLike.scala:1075)
	at org.scalatest.wordspec.AnyWordSpecLike.$anonfun$runTest$1(AnyWordSpecLike.scala:1087)
	at org.scalatest.SuperEngine.runTestImpl(Engine.scala:306)
	at org.scalatest.wordspec.AnyWordSpecLike.runTest(AnyWordSpecLike.scala:1087)
	at org.scalatest.wordspec.AnyWordSpecLike.runTest$(AnyWordSpecLike.scala:1069)
	at controllers.ApplicationControllerSpec.org$scalatest$BeforeAndAfterEach$$super$runTest(ApplicationControllerSpec.scala:14)
	at org.scalatest.BeforeAndAfterEach.runTest(BeforeAndAfterEach.scala:234)
	at org.scalatest.BeforeAndAfterEach.runTest$(BeforeAndAfterEach.scala:227)
	at controllers.ApplicationControllerSpec.runTest(ApplicationControllerSpec.scala:14)
	at org.scalatest.wordspec.AnyWordSpecLike.$anonfun$runTests$1(AnyWordSpecLike.scala:1146)
	at org.scalatest.SuperEngine.$anonfun$runTestsInBranch$1(Engine.scala:413)
	at scala.collection.immutable.List.foreach(List.scala:333)
	at org.scalatest.SuperEngine.traverseSubNodes$1(Engine.scala:401)
	at org.scalatest.SuperEngine.runTestsInBranch(Engine.scala:390)
	at org.scalatest.SuperEngine.$anonfun$runTestsInBranch$1(Engine.scala:427)
	at scala.collection.immutable.List.foreach(List.scala:333)
	at org.scalatest.SuperEngine.traverseSubNodes$1(Engine.scala:401)
	at org.scalatest.SuperEngine.runTestsInBranch(Engine.scala:396)
	at org.scalatest.SuperEngine.runTestsImpl(Engine.scala:475)
	at org.scalatest.wordspec.AnyWordSpecLike.runTests(AnyWordSpecLike.scala:1146)
	at org.scalatest.wordspec.AnyWordSpecLike.runTests$(AnyWordSpecLike.scala:1145)
	at org.scalatest.wordspec.AnyWordSpec.runTests(AnyWordSpec.scala:1879)
	at org.scalatest.Suite.run(Suite.scala:1112)
	at org.scalatest.Suite.run$(Suite.scala:1094)
	at org.scalatest.wordspec.AnyWordSpec.org$scalatest$wordspec$AnyWordSpecLike$$super$run(AnyWordSpec.scala:1879)
	at org.scalatest.wordspec.AnyWordSpecLike.$anonfun$run$1(AnyWordSpecLike.scala:1191)
	at org.scalatest.SuperEngine.runImpl(Engine.scala:535)
	at org.scalatest.wordspec.AnyWordSpecLike.run(AnyWordSpecLike.scala:1191)
	at org.scalatest.wordspec.AnyWordSpecLike.run$(AnyWordSpecLike.scala:1189)
	at controllers.ApplicationControllerSpec.org$scalatestplus$play$BaseOneServerPerSuite$$super$run(ApplicationControllerSpec.scala:14)
	at org.scalatestplus.play.BaseOneServerPerSuite.run(BaseOneServerPerSuite.scala:163)
	at org.scalatestplus.play.BaseOneServerPerSuite.run$(BaseOneServerPerSuite.scala:159)
	at controllers.ApplicationControllerSpec.org$scalatest$BeforeAndAfterAll$$super$run(ApplicationControllerSpec.scala:14)
	at org.scalatest.BeforeAndAfterAll.liftedTree1$1(BeforeAndAfterAll.scala:213)
	at org.scalatest.BeforeAndAfterAll.run(BeforeAndAfterAll.scala:210)
	at org.scalatest.BeforeAndAfterAll.run$(BeforeAndAfterAll.scala:208)
	at controllers.ApplicationControllerSpec.run(ApplicationControllerSpec.scala:14)
	at org.scalatest.tools.Framework.org$scalatest$tools$Framework$$runSuite(Framework.scala:318)
	at org.scalatest.tools.Framework$ScalaTestTask.execute(Framework.scala:513)
	at sbt.ForkMain$Run.lambda$runTest$1(ForkMain.java:304)
	at java.util.concurrent.FutureTask.run(FutureTask.java:266)
	at java.util.concurrent.ThreadPoolExecutor.runWorker(ThreadPoolExecutor.java:1149)
	at java.util.concurrent.ThreadPoolExecutor$Worker.run(ThreadPoolExecutor.java:624)
	at java.lang.Thread.run(Thread.java:748)
</failure>
                                               </testcase><testcase classname="controllers.ApplicationControllerSpec" name="ApplicationController() .fileContent() should use incorrect login return api error" time="0.04">
                                                 
                                               </testcase><testcase classname="controllers.ApplicationControllerSpec" name="ApplicationController() .fileContent() should use login for user with no repositories, return api error" time="0.051">
                                                 
                                               </testcase><testcase classname="controllers.ApplicationControllerSpec" name="ApplicationController() .fileContent() should render the foldersAndFiles page from the router" time="0.063">
                                                 <failure message="org.scalatest.exceptions.TestFailedException: 400 was not equal to 200" type="sbt.ForkMain$ForkError">sbt.ForkMain$ForkError: org.scalatest.exceptions.TestFailedException: 400 was not equal to 200
	at org.scalatest.matchers.MatchersHelper$.indicateFailure(MatchersHelper.scala:402)
	at org.scalatest.matchers.should.Matchers$AnyShouldWrapper.shouldBe(Matchers.scala:7018)
	at controllers.ApplicationControllerSpec.$anonfun$new$60(ApplicationControllerSpec.scala:601)
	at org.scalatest.OutcomeOf.outcomeOf(OutcomeOf.scala:85)
	at org.scalatest.OutcomeOf.outcomeOf$(OutcomeOf.scala:83)
	at org.scalatest.OutcomeOf$.outcomeOf(OutcomeOf.scala:104)
	at org.scalatest.Transformer.apply(Transformer.scala:22)
	at org.scalatest.Transformer.apply(Transformer.scala:20)
	at org.scalatest.wordspec.AnyWordSpecLike$$anon$3.apply(AnyWordSpecLike.scala:1077)
	at org.scalatest.TestSuite.withFixture(TestSuite.scala:196)
	at org.scalatest.TestSuite.withFixture$(TestSuite.scala:195)
	at org.scalatest.wordspec.AnyWordSpec.withFixture(AnyWordSpec.scala:1879)
	at org.scalatest.wordspec.AnyWordSpecLike.invokeWithFixture$1(AnyWordSpecLike.scala:1075)
	at org.scalatest.wordspec.AnyWordSpecLike.$anonfun$runTest$1(AnyWordSpecLike.scala:1087)
	at org.scalatest.SuperEngine.runTestImpl(Engine.scala:306)
	at org.scalatest.wordspec.AnyWordSpecLike.runTest(AnyWordSpecLike.scala:1087)
	at org.scalatest.wordspec.AnyWordSpecLike.runTest$(AnyWordSpecLike.scala:1069)
	at controllers.ApplicationControllerSpec.org$scalatest$BeforeAndAfterEach$$super$runTest(ApplicationControllerSpec.scala:14)
	at org.scalatest.BeforeAndAfterEach.runTest(BeforeAndAfterEach.scala:234)
	at org.scalatest.BeforeAndAfterEach.runTest$(BeforeAndAfterEach.scala:227)
	at controllers.ApplicationControllerSpec.runTest(ApplicationControllerSpec.scala:14)
	at org.scalatest.wordspec.AnyWordSpecLike.$anonfun$runTests$1(AnyWordSpecLike.scala:1146)
	at org.scalatest.SuperEngine.$anonfun$runTestsInBranch$1(Engine.scala:413)
	at scala.collection.immutable.List.foreach(List.scala:333)
	at org.scalatest.SuperEngine.traverseSubNodes$1(Engine.scala:401)
	at org.scalatest.SuperEngine.runTestsInBranch(Engine.scala:390)
	at org.scalatest.SuperEngine.$anonfun$runTestsInBranch$1(Engine.scala:427)
	at scala.collection.immutable.List.foreach(List.scala:333)
	at org.scalatest.SuperEngine.traverseSubNodes$1(Engine.scala:401)
	at org.scalatest.SuperEngine.runTestsInBranch(Engine.scala:396)
	at org.scalatest.SuperEngine.runTestsImpl(Engine.scala:475)
	at org.scalatest.wordspec.AnyWordSpecLike.runTests(AnyWordSpecLike.scala:1146)
	at org.scalatest.wordspec.AnyWordSpecLike.runTests$(AnyWordSpecLike.scala:1145)
	at org.scalatest.wordspec.AnyWordSpec.runTests(AnyWordSpec.scala:1879)
	at org.scalatest.Suite.run(Suite.scala:1112)
	at org.scalatest.Suite.run$(Suite.scala:1094)
	at org.scalatest.wordspec.AnyWordSpec.org$scalatest$wordspec$AnyWordSpecLike$$super$run(AnyWordSpec.scala:1879)
	at org.scalatest.wordspec.AnyWordSpecLike.$anonfun$run$1(AnyWordSpecLike.scala:1191)
	at org.scalatest.SuperEngine.runImpl(Engine.scala:535)
	at org.scalatest.wordspec.AnyWordSpecLike.run(AnyWordSpecLike.scala:1191)
	at org.scalatest.wordspec.AnyWordSpecLike.run$(AnyWordSpecLike.scala:1189)
	at controllers.ApplicationControllerSpec.org$scalatestplus$play$BaseOneServerPerSuite$$super$run(ApplicationControllerSpec.scala:14)
	at org.scalatestplus.play.BaseOneServerPerSuite.run(BaseOneServerPerSuite.scala:163)
	at org.scalatestplus.play.BaseOneServerPerSuite.run$(BaseOneServerPerSuite.scala:159)
	at controllers.ApplicationControllerSpec.org$scalatest$BeforeAndAfterAll$$super$run(ApplicationControllerSpec.scala:14)
	at org.scalatest.BeforeAndAfterAll.liftedTree1$1(BeforeAndAfterAll.scala:213)
	at org.scalatest.BeforeAndAfterAll.run(BeforeAndAfterAll.scala:210)
	at org.scalatest.BeforeAndAfterAll.run$(BeforeAndAfterAll.scala:208)
	at controllers.ApplicationControllerSpec.run(ApplicationControllerSpec.scala:14)
	at org.scalatest.tools.Framework.org$scalatest$tools$Framework$$runSuite(Framework.scala:318)
	at org.scalatest.tools.Framework$ScalaTestTask.execute(Framework.scala:513)
	at sbt.ForkMain$Run.lambda$runTest$1(ForkMain.java:304)
	at java.util.concurrent.FutureTask.run(FutureTask.java:266)
	at java.util.concurrent.ThreadPoolExecutor.runWorker(ThreadPoolExecutor.java:1149)
	at java.util.concurrent.ThreadPoolExecutor$Worker.run(ThreadPoolExecutor.java:624)
	at java.lang.Thread.run(Thread.java:748)
</failure>
                                               </testcase><testcase classname="controllers.ApplicationControllerSpec" name="ApplicationController() .fileContent() should unable to render the foldersAndFiles Page due to incorrect username from the router" time="0.036">
                                                 
                                               </testcase><testcase classname="controllers.ApplicationControllerSpec" name="ApplicationController() .createFile() should login to find user's repositories under the name specified and create file" time="0.268">
                                                 <failure message="org.scalatest.exceptions.TestFailedException: 400 was not equal to 201" type="sbt.ForkMain$ForkError">sbt.ForkMain$ForkError: org.scalatest.exceptions.TestFailedException: 400 was not equal to 201
	at org.scalatest.matchers.MatchersHelper$.indicateFailure(MatchersHelper.scala:402)
	at org.scalatest.matchers.should.Matchers$AnyShouldWrapper.shouldBe(Matchers.scala:7018)
	at controllers.ApplicationControllerSpec.$anonfun$new$63(ApplicationControllerSpec.scala:623)
	at org.scalatest.OutcomeOf.outcomeOf(OutcomeOf.scala:85)
	at org.scalatest.OutcomeOf.outcomeOf$(OutcomeOf.scala:83)
	at org.scalatest.OutcomeOf$.outcomeOf(OutcomeOf.scala:104)
	at org.scalatest.Transformer.apply(Transformer.scala:22)
	at org.scalatest.Transformer.apply(Transformer.scala:20)
	at org.scalatest.wordspec.AnyWordSpecLike$$anon$3.apply(AnyWordSpecLike.scala:1077)
	at org.scalatest.TestSuite.withFixture(TestSuite.scala:196)
	at org.scalatest.TestSuite.withFixture$(TestSuite.scala:195)
	at org.scalatest.wordspec.AnyWordSpec.withFixture(AnyWordSpec.scala:1879)
	at org.scalatest.wordspec.AnyWordSpecLike.invokeWithFixture$1(AnyWordSpecLike.scala:1075)
	at org.scalatest.wordspec.AnyWordSpecLike.$anonfun$runTest$1(AnyWordSpecLike.scala:1087)
	at org.scalatest.SuperEngine.runTestImpl(Engine.scala:306)
	at org.scalatest.wordspec.AnyWordSpecLike.runTest(AnyWordSpecLike.scala:1087)
	at org.scalatest.wordspec.AnyWordSpecLike.runTest$(AnyWordSpecLike.scala:1069)
	at controllers.ApplicationControllerSpec.org$scalatest$BeforeAndAfterEach$$super$runTest(ApplicationControllerSpec.scala:14)
	at org.scalatest.BeforeAndAfterEach.runTest(BeforeAndAfterEach.scala:234)
	at org.scalatest.BeforeAndAfterEach.runTest$(BeforeAndAfterEach.scala:227)
	at controllers.ApplicationControllerSpec.runTest(ApplicationControllerSpec.scala:14)
	at org.scalatest.wordspec.AnyWordSpecLike.$anonfun$runTests$1(AnyWordSpecLike.scala:1146)
	at org.scalatest.SuperEngine.$anonfun$runTestsInBranch$1(Engine.scala:413)
	at scala.collection.immutable.List.foreach(List.scala:333)
	at org.scalatest.SuperEngine.traverseSubNodes$1(Engine.scala:401)
	at org.scalatest.SuperEngine.runTestsInBranch(Engine.scala:390)
	at org.scalatest.SuperEngine.$anonfun$runTestsInBranch$1(Engine.scala:427)
	at scala.collection.immutable.List.foreach(List.scala:333)
	at org.scalatest.SuperEngine.traverseSubNodes$1(Engine.scala:401)
	at org.scalatest.SuperEngine.runTestsInBranch(Engine.scala:396)
	at org.scalatest.SuperEngine.runTestsImpl(Engine.scala:475)
	at org.scalatest.wordspec.AnyWordSpecLike.runTests(AnyWordSpecLike.scala:1146)
	at org.scalatest.wordspec.AnyWordSpecLike.runTests$(AnyWordSpecLike.scala:1145)
	at org.scalatest.wordspec.AnyWordSpec.runTests(AnyWordSpec.scala:1879)
	at org.scalatest.Suite.run(Suite.scala:1112)
	at org.scalatest.Suite.run$(Suite.scala:1094)
	at org.scalatest.wordspec.AnyWordSpec.org$scalatest$wordspec$AnyWordSpecLike$$super$run(AnyWordSpec.scala:1879)
	at org.scalatest.wordspec.AnyWordSpecLike.$anonfun$run$1(AnyWordSpecLike.scala:1191)
	at org.scalatest.SuperEngine.runImpl(Engine.scala:535)
	at org.scalatest.wordspec.AnyWordSpecLike.run(AnyWordSpecLike.scala:1191)
	at org.scalatest.wordspec.AnyWordSpecLike.run$(AnyWordSpecLike.scala:1189)
	at controllers.ApplicationControllerSpec.org$scalatestplus$play$BaseOneServerPerSuite$$super$run(ApplicationControllerSpec.scala:14)
	at org.scalatestplus.play.BaseOneServerPerSuite.run(BaseOneServerPerSuite.scala:163)
	at org.scalatestplus.play.BaseOneServerPerSuite.run$(BaseOneServerPerSuite.scala:159)
	at controllers.ApplicationControllerSpec.org$scalatest$BeforeAndAfterAll$$super$run(ApplicationControllerSpec.scala:14)
	at org.scalatest.BeforeAndAfterAll.liftedTree1$1(BeforeAndAfterAll.scala:213)
	at org.scalatest.BeforeAndAfterAll.run(BeforeAndAfterAll.scala:210)
	at org.scalatest.BeforeAndAfterAll.run$(BeforeAndAfterAll.scala:208)
	at controllers.ApplicationControllerSpec.run(ApplicationControllerSpec.scala:14)
	at org.scalatest.tools.Framework.org$scalatest$tools$Framework$$runSuite(Framework.scala:318)
	at org.scalatest.tools.Framework$ScalaTestTask.execute(Framework.scala:513)
	at sbt.ForkMain$Run.lambda$runTest$1(ForkMain.java:304)
	at java.util.concurrent.FutureTask.run(FutureTask.java:266)
	at java.util.concurrent.ThreadPoolExecutor.runWorker(ThreadPoolExecutor.java:1149)
	at java.util.concurrent.ThreadPoolExecutor$Worker.run(ThreadPoolExecutor.java:624)
	at java.lang.Thread.run(Thread.java:748)
</failure>
                                               </testcase><testcase classname="controllers.ApplicationControllerSpec" name="ApplicationController() .createFile() should create folder and file" time="0.247">
                                                 <failure message="org.scalatest.exceptions.TestFailedException: 400 was not equal to 201" type="sbt.ForkMain$ForkError">sbt.ForkMain$ForkError: org.scalatest.exceptions.TestFailedException: 400 was not equal to 201
	at org.scalatest.matchers.MatchersHelper$.indicateFailure(MatchersHelper.scala:402)
	at org.scalatest.matchers.should.Matchers$AnyShouldWrapper.shouldBe(Matchers.scala:7018)
	at controllers.ApplicationControllerSpec.$anonfun$new$64(ApplicationControllerSpec.scala:636)
	at org.scalatest.OutcomeOf.outcomeOf(OutcomeOf.scala:85)
	at org.scalatest.OutcomeOf.outcomeOf$(OutcomeOf.scala:83)
	at org.scalatest.OutcomeOf$.outcomeOf(OutcomeOf.scala:104)
	at org.scalatest.Transformer.apply(Transformer.scala:22)
	at org.scalatest.Transformer.apply(Transformer.scala:20)
	at org.scalatest.wordspec.AnyWordSpecLike$$anon$3.apply(AnyWordSpecLike.scala:1077)
	at org.scalatest.TestSuite.withFixture(TestSuite.scala:196)
	at org.scalatest.TestSuite.withFixture$(TestSuite.scala:195)
	at org.scalatest.wordspec.AnyWordSpec.withFixture(AnyWordSpec.scala:1879)
	at org.scalatest.wordspec.AnyWordSpecLike.invokeWithFixture$1(AnyWordSpecLike.scala:1075)
	at org.scalatest.wordspec.AnyWordSpecLike.$anonfun$runTest$1(AnyWordSpecLike.scala:1087)
	at org.scalatest.SuperEngine.runTestImpl(Engine.scala:306)
	at org.scalatest.wordspec.AnyWordSpecLike.runTest(AnyWordSpecLike.scala:1087)
	at org.scalatest.wordspec.AnyWordSpecLike.runTest$(AnyWordSpecLike.scala:1069)
	at controllers.ApplicationControllerSpec.org$scalatest$BeforeAndAfterEach$$super$runTest(ApplicationControllerSpec.scala:14)
	at org.scalatest.BeforeAndAfterEach.runTest(BeforeAndAfterEach.scala:234)
	at org.scalatest.BeforeAndAfterEach.runTest$(BeforeAndAfterEach.scala:227)
	at controllers.ApplicationControllerSpec.runTest(ApplicationControllerSpec.scala:14)
	at org.scalatest.wordspec.AnyWordSpecLike.$anonfun$runTests$1(AnyWordSpecLike.scala:1146)
	at org.scalatest.SuperEngine.$anonfun$runTestsInBranch$1(Engine.scala:413)
	at scala.collection.immutable.List.foreach(List.scala:333)
	at org.scalatest.SuperEngine.traverseSubNodes$1(Engine.scala:401)
	at org.scalatest.SuperEngine.runTestsInBranch(Engine.scala:390)
	at org.scalatest.SuperEngine.$anonfun$runTestsInBranch$1(Engine.scala:427)
	at scala.collection.immutable.List.foreach(List.scala:333)
	at org.scalatest.SuperEngine.traverseSubNodes$1(Engine.scala:401)
	at org.scalatest.SuperEngine.runTestsInBranch(Engine.scala:396)
	at org.scalatest.SuperEngine.runTestsImpl(Engine.scala:475)
	at org.scalatest.wordspec.AnyWordSpecLike.runTests(AnyWordSpecLike.scala:1146)
	at org.scalatest.wordspec.AnyWordSpecLike.runTests$(AnyWordSpecLike.scala:1145)
	at org.scalatest.wordspec.AnyWordSpec.runTests(AnyWordSpec.scala:1879)
	at org.scalatest.Suite.run(Suite.scala:1112)
	at org.scalatest.Suite.run$(Suite.scala:1094)
	at org.scalatest.wordspec.AnyWordSpec.org$scalatest$wordspec$AnyWordSpecLike$$super$run(AnyWordSpec.scala:1879)
	at org.scalatest.wordspec.AnyWordSpecLike.$anonfun$run$1(AnyWordSpecLike.scala:1191)
	at org.scalatest.SuperEngine.runImpl(Engine.scala:535)
	at org.scalatest.wordspec.AnyWordSpecLike.run(AnyWordSpecLike.scala:1191)
	at org.scalatest.wordspec.AnyWordSpecLike.run$(AnyWordSpecLike.scala:1189)
	at controllers.ApplicationControllerSpec.org$scalatestplus$play$BaseOneServerPerSuite$$super$run(ApplicationControllerSpec.scala:14)
	at org.scalatestplus.play.BaseOneServerPerSuite.run(BaseOneServerPerSuite.scala:163)
	at org.scalatestplus.play.BaseOneServerPerSuite.run$(BaseOneServerPerSuite.scala:159)
	at controllers.ApplicationControllerSpec.org$scalatest$BeforeAndAfterAll$$super$run(ApplicationControllerSpec.scala:14)
	at org.scalatest.BeforeAndAfterAll.liftedTree1$1(BeforeAndAfterAll.scala:213)
	at org.scalatest.BeforeAndAfterAll.run(BeforeAndAfterAll.scala:210)
	at org.scalatest.BeforeAndAfterAll.run$(BeforeAndAfterAll.scala:208)
	at controllers.ApplicationControllerSpec.run(ApplicationControllerSpec.scala:14)
	at org.scalatest.tools.Framework.org$scalatest$tools$Framework$$runSuite(Framework.scala:318)
	at org.scalatest.tools.Framework$ScalaTestTask.execute(Framework.scala:513)
	at sbt.ForkMain$Run.lambda$runTest$1(ForkMain.java:304)
	at java.util.concurrent.FutureTask.run(FutureTask.java:266)
	at java.util.concurrent.ThreadPoolExecutor.runWorker(ThreadPoolExecutor.java:1149)
	at java.util.concurrent.ThreadPoolExecutor$Worker.run(ThreadPoolExecutor.java:624)
	at java.lang.Thread.run(Thread.java:748)
</failure>
                                               </testcase><testcase classname="controllers.ApplicationControllerSpec" name="ApplicationController() .createFile() should correct login but repository does not exist" time="0.178">
                                                 <failure message="org.scalatest.exceptions.TestFailedException: &quot;could not create file&quot; was not equal to &quot;could not find create file&quot;" type="sbt.ForkMain$ForkError">sbt.ForkMain$ForkError: org.scalatest.exceptions.TestFailedException: &quot;could not create file&quot; was not equal to &quot;could not find create file&quot;
	at org.scalatest.matchers.MatchersHelper$.indicateFailure(MatchersHelper.scala:402)
	at org.scalatest.matchers.should.Matchers$AnyShouldWrapper.shouldBe(Matchers.scala:7018)
	at controllers.ApplicationControllerSpec.$anonfun$new$65(ApplicationControllerSpec.scala:649)
	at org.scalatest.OutcomeOf.outcomeOf(OutcomeOf.scala:85)
	at org.scalatest.OutcomeOf.outcomeOf$(OutcomeOf.scala:83)
	at org.scalatest.OutcomeOf$.outcomeOf(OutcomeOf.scala:104)
	at org.scalatest.Transformer.apply(Transformer.scala:22)
	at org.scalatest.Transformer.apply(Transformer.scala:20)
	at org.scalatest.wordspec.AnyWordSpecLike$$anon$3.apply(AnyWordSpecLike.scala:1077)
	at org.scalatest.TestSuite.withFixture(TestSuite.scala:196)
	at org.scalatest.TestSuite.withFixture$(TestSuite.scala:195)
	at org.scalatest.wordspec.AnyWordSpec.withFixture(AnyWordSpec.scala:1879)
	at org.scalatest.wordspec.AnyWordSpecLike.invokeWithFixture$1(AnyWordSpecLike.scala:1075)
	at org.scalatest.wordspec.AnyWordSpecLike.$anonfun$runTest$1(AnyWordSpecLike.scala:1087)
	at org.scalatest.SuperEngine.runTestImpl(Engine.scala:306)
	at org.scalatest.wordspec.AnyWordSpecLike.runTest(AnyWordSpecLike.scala:1087)
	at org.scalatest.wordspec.AnyWordSpecLike.runTest$(AnyWordSpecLike.scala:1069)
	at controllers.ApplicationControllerSpec.org$scalatest$BeforeAndAfterEach$$super$runTest(ApplicationControllerSpec.scala:14)
	at org.scalatest.BeforeAndAfterEach.runTest(BeforeAndAfterEach.scala:234)
	at org.scalatest.BeforeAndAfterEach.runTest$(BeforeAndAfterEach.scala:227)
	at controllers.ApplicationControllerSpec.runTest(ApplicationControllerSpec.scala:14)
	at org.scalatest.wordspec.AnyWordSpecLike.$anonfun$runTests$1(AnyWordSpecLike.scala:1146)
	at org.scalatest.SuperEngine.$anonfun$runTestsInBranch$1(Engine.scala:413)
	at scala.collection.immutable.List.foreach(List.scala:333)
	at org.scalatest.SuperEngine.traverseSubNodes$1(Engine.scala:401)
	at org.scalatest.SuperEngine.runTestsInBranch(Engine.scala:390)
	at org.scalatest.SuperEngine.$anonfun$runTestsInBranch$1(Engine.scala:427)
	at scala.collection.immutable.List.foreach(List.scala:333)
	at org.scalatest.SuperEngine.traverseSubNodes$1(Engine.scala:401)
	at org.scalatest.SuperEngine.runTestsInBranch(Engine.scala:396)
	at org.scalatest.SuperEngine.runTestsImpl(Engine.scala:475)
	at org.scalatest.wordspec.AnyWordSpecLike.runTests(AnyWordSpecLike.scala:1146)
	at org.scalatest.wordspec.AnyWordSpecLike.runTests$(AnyWordSpecLike.scala:1145)
	at org.scalatest.wordspec.AnyWordSpec.runTests(AnyWordSpec.scala:1879)
	at org.scalatest.Suite.run(Suite.scala:1112)
	at org.scalatest.Suite.run$(Suite.scala:1094)
	at org.scalatest.wordspec.AnyWordSpec.org$scalatest$wordspec$AnyWordSpecLike$$super$run(AnyWordSpec.scala:1879)
	at org.scalatest.wordspec.AnyWordSpecLike.$anonfun$run$1(AnyWordSpecLike.scala:1191)
	at org.scalatest.SuperEngine.runImpl(Engine.scala:535)
	at org.scalatest.wordspec.AnyWordSpecLike.run(AnyWordSpecLike.scala:1191)
	at org.scalatest.wordspec.AnyWordSpecLike.run$(AnyWordSpecLike.scala:1189)
	at controllers.ApplicationControllerSpec.org$scalatestplus$play$BaseOneServerPerSuite$$super$run(ApplicationControllerSpec.scala:14)
	at org.scalatestplus.play.BaseOneServerPerSuite.run(BaseOneServerPerSuite.scala:163)
	at org.scalatestplus.play.BaseOneServerPerSuite.run$(BaseOneServerPerSuite.scala:159)
	at controllers.ApplicationControllerSpec.org$scalatest$BeforeAndAfterAll$$super$run(ApplicationControllerSpec.scala:14)
	at org.scalatest.BeforeAndAfterAll.liftedTree1$1(BeforeAndAfterAll.scala:213)
	at org.scalatest.BeforeAndAfterAll.run(BeforeAndAfterAll.scala:210)
	at org.scalatest.BeforeAndAfterAll.run$(BeforeAndAfterAll.scala:208)
	at controllers.ApplicationControllerSpec.run(ApplicationControllerSpec.scala:14)
	at org.scalatest.tools.Framework.org$scalatest$tools$Framework$$runSuite(Framework.scala:318)
	at org.scalatest.tools.Framework$ScalaTestTask.execute(Framework.scala:513)
	at sbt.ForkMain$Run.lambda$runTest$1(ForkMain.java:304)
	at java.util.concurrent.FutureTask.run(FutureTask.java:266)
	at java.util.concurrent.ThreadPoolExecutor.runWorker(ThreadPoolExecutor.java:1149)
	at java.util.concurrent.ThreadPoolExecutor$Worker.run(ThreadPoolExecutor.java:624)
	at java.lang.Thread.run(Thread.java:748)
</failure>
                                               </testcase><testcase classname="controllers.ApplicationControllerSpec" name="ApplicationController() .createFile() should unable to validate file trying to be created" time="0.005">
                                                 
                                               </testcase><testcase classname="controllers.ApplicationControllerSpec" name="ApplicationController() .createFile() should correct route for creating a file" time="0.247">
                                                 <failure message="org.scalatest.exceptions.TestFailedException: 400 was not equal to 200" type="sbt.ForkMain$ForkError">sbt.ForkMain$ForkError: org.scalatest.exceptions.TestFailedException: 400 was not equal to 200
	at org.scalatest.matchers.MatchersHelper$.indicateFailure(MatchersHelper.scala:402)
	at org.scalatest.matchers.should.Matchers$AnyShouldWrapper.shouldBe(Matchers.scala:7018)
	at controllers.ApplicationControllerSpec.$anonfun$new$67(ApplicationControllerSpec.scala:664)
	at org.scalatest.OutcomeOf.outcomeOf(OutcomeOf.scala:85)
	at org.scalatest.OutcomeOf.outcomeOf$(OutcomeOf.scala:83)
	at org.scalatest.OutcomeOf$.outcomeOf(OutcomeOf.scala:104)
	at org.scalatest.Transformer.apply(Transformer.scala:22)
	at org.scalatest.Transformer.apply(Transformer.scala:20)
	at org.scalatest.wordspec.AnyWordSpecLike$$anon$3.apply(AnyWordSpecLike.scala:1077)
	at org.scalatest.TestSuite.withFixture(TestSuite.scala:196)
	at org.scalatest.TestSuite.withFixture$(TestSuite.scala:195)
	at org.scalatest.wordspec.AnyWordSpec.withFixture(AnyWordSpec.scala:1879)
	at org.scalatest.wordspec.AnyWordSpecLike.invokeWithFixture$1(AnyWordSpecLike.scala:1075)
	at org.scalatest.wordspec.AnyWordSpecLike.$anonfun$runTest$1(AnyWordSpecLike.scala:1087)
	at org.scalatest.SuperEngine.runTestImpl(Engine.scala:306)
	at org.scalatest.wordspec.AnyWordSpecLike.runTest(AnyWordSpecLike.scala:1087)
	at org.scalatest.wordspec.AnyWordSpecLike.runTest$(AnyWordSpecLike.scala:1069)
	at controllers.ApplicationControllerSpec.org$scalatest$BeforeAndAfterEach$$super$runTest(ApplicationControllerSpec.scala:14)
	at org.scalatest.BeforeAndAfterEach.runTest(BeforeAndAfterEach.scala:234)
	at org.scalatest.BeforeAndAfterEach.runTest$(BeforeAndAfterEach.scala:227)
	at controllers.ApplicationControllerSpec.runTest(ApplicationControllerSpec.scala:14)
	at org.scalatest.wordspec.AnyWordSpecLike.$anonfun$runTests$1(AnyWordSpecLike.scala:1146)
	at org.scalatest.SuperEngine.$anonfun$runTestsInBranch$1(Engine.scala:413)
	at scala.collection.immutable.List.foreach(List.scala:333)
	at org.scalatest.SuperEngine.traverseSubNodes$1(Engine.scala:401)
	at org.scalatest.SuperEngine.runTestsInBranch(Engine.scala:390)
	at org.scalatest.SuperEngine.$anonfun$runTestsInBranch$1(Engine.scala:427)
	at scala.collection.immutable.List.foreach(List.scala:333)
	at org.scalatest.SuperEngine.traverseSubNodes$1(Engine.scala:401)
	at org.scalatest.SuperEngine.runTestsInBranch(Engine.scala:396)
	at org.scalatest.SuperEngine.runTestsImpl(Engine.scala:475)
	at org.scalatest.wordspec.AnyWordSpecLike.runTests(AnyWordSpecLike.scala:1146)
	at org.scalatest.wordspec.AnyWordSpecLike.runTests$(AnyWordSpecLike.scala:1145)
	at org.scalatest.wordspec.AnyWordSpec.runTests(AnyWordSpec.scala:1879)
	at org.scalatest.Suite.run(Suite.scala:1112)
	at org.scalatest.Suite.run$(Suite.scala:1094)
	at org.scalatest.wordspec.AnyWordSpec.org$scalatest$wordspec$AnyWordSpecLike$$super$run(AnyWordSpec.scala:1879)
	at org.scalatest.wordspec.AnyWordSpecLike.$anonfun$run$1(AnyWordSpecLike.scala:1191)
	at org.scalatest.SuperEngine.runImpl(Engine.scala:535)
	at org.scalatest.wordspec.AnyWordSpecLike.run(AnyWordSpecLike.scala:1191)
	at org.scalatest.wordspec.AnyWordSpecLike.run$(AnyWordSpecLike.scala:1189)
	at controllers.ApplicationControllerSpec.org$scalatestplus$play$BaseOneServerPerSuite$$super$run(ApplicationControllerSpec.scala:14)
	at org.scalatestplus.play.BaseOneServerPerSuite.run(BaseOneServerPerSuite.scala:163)
	at org.scalatestplus.play.BaseOneServerPerSuite.run$(BaseOneServerPerSuite.scala:159)
	at controllers.ApplicationControllerSpec.org$scalatest$BeforeAndAfterAll$$super$run(ApplicationControllerSpec.scala:14)
	at org.scalatest.BeforeAndAfterAll.liftedTree1$1(BeforeAndAfterAll.scala:213)
	at org.scalatest.BeforeAndAfterAll.run(BeforeAndAfterAll.scala:210)
	at org.scalatest.BeforeAndAfterAll.run$(BeforeAndAfterAll.scala:208)
	at controllers.ApplicationControllerSpec.run(ApplicationControllerSpec.scala:14)
	at org.scalatest.tools.Framework.org$scalatest$tools$Framework$$runSuite(Framework.scala:318)
	at org.scalatest.tools.Framework$ScalaTestTask.execute(Framework.scala:513)
	at sbt.ForkMain$Run.lambda$runTest$1(ForkMain.java:304)
	at java.util.concurrent.FutureTask.run(FutureTask.java:266)
	at java.util.concurrent.ThreadPoolExecutor.runWorker(ThreadPoolExecutor.java:1149)
	at java.util.concurrent.ThreadPoolExecutor$Worker.run(ThreadPoolExecutor.java:624)
	at java.lang.Thread.run(Thread.java:748)
</failure>
                                               </testcase><testcase classname="controllers.ApplicationControllerSpec" name="ApplicationController() .createFile() should route for creating a file with non-existing repository" time="0.175">
                                                 
                                               </testcase><testcase classname="controllers.ApplicationControllerSpec" name="ApplicationController() .updateFile() should login to find user's repositories under the name specified and update file" time="0.236">
                                                 <failure message="org.scalatest.exceptions.TestFailedException: 400 was not equal to 201" type="sbt.ForkMain$ForkError">sbt.ForkMain$ForkError: org.scalatest.exceptions.TestFailedException: 400 was not equal to 201
	at org.scalatest.matchers.MatchersHelper$.indicateFailure(MatchersHelper.scala:402)
	at org.scalatest.matchers.should.Matchers$AnyShouldWrapper.shouldBe(Matchers.scala:7018)
	at controllers.ApplicationControllerSpec.$anonfun$new$70(ApplicationControllerSpec.scala:681)
	at org.scalatest.OutcomeOf.outcomeOf(OutcomeOf.scala:85)
	at org.scalatest.OutcomeOf.outcomeOf$(OutcomeOf.scala:83)
	at org.scalatest.OutcomeOf$.outcomeOf(OutcomeOf.scala:104)
	at org.scalatest.Transformer.apply(Transformer.scala:22)
	at org.scalatest.Transformer.apply(Transformer.scala:20)
	at org.scalatest.wordspec.AnyWordSpecLike$$anon$3.apply(AnyWordSpecLike.scala:1077)
	at org.scalatest.TestSuite.withFixture(TestSuite.scala:196)
	at org.scalatest.TestSuite.withFixture$(TestSuite.scala:195)
[...]
	at org.scalatest.BeforeAndAfterEach.runTest(BeforeAndAfterEach.scala:234)
	at org.scalatest.BeforeAndAfterEach.runTest$(BeforeAndAfterEach.scala:227)
	at controllers.ApplicationControllerSpec.runTest(ApplicationControllerSpec.scala:14)
	at org.scalatest.wordspec.AnyWordSpecLike.$anonfun$runTests$1(AnyWordSpecLike.scala:1146)
	at org.scalatest.SuperEngine.$anonfun$runTestsInBranch$1(Engine.scala:413)
	at scala.collection.immutable.List.foreach(List.scala:333)
	at org.scalatest.SuperEngine.traverseSubNodes$1(Engine.scala:401)
	at org.scalatest.SuperEngine.runTestsInBranch(Engine.scala:390)
	at org.scalatest.SuperEngine.$anonfun$runTestsInBranch$1(Engine.scala:427)
	at scala.collection.immutable.List.foreach(List.scala:333)
	at org.scalatest.SuperEngine.traverseSubNodes$1(Engine.scala:401)
	at org.scalatest.SuperEngine.runTestsInBranch(Engine.scala:396)
	at org.scalatest.SuperEngine.runTestsImpl(Engine.scala:475)
	at org.scalatest.wordspec.AnyWordSpecLike.runTests(AnyWordSpecLike.scala:1146)
	at org.scalatest.wordspec.AnyWordSpecLike.runTests$(AnyWordSpecLike.scala:1145)
	at org.scalatest.wordspec.AnyWordSpec.runTests(AnyWordSpec.scala:1879)
	at org.scalatest.Suite.run(Suite.scala:1112)
	at org.scalatest.Suite.run$(Suite.scala:1094)
	at org.scalatest.wordspec.AnyWordSpec.org$scalatest$wordspec$AnyWordSpecLike$$super$run(AnyWordSpec.scala:1879)
	at org.scalatest.wordspec.AnyWordSpecLike.$anonfun$run$1(AnyWordSpecLike.scala:1191)
	at org.scalatest.SuperEngine.runImpl(Engine.scala:535)
	at org.scalatest.wordspec.AnyWordSpecLike.run(AnyWordSpecLike.scala:1191)
	at org.scalatest.wordspec.AnyWordSpecLike.run$(AnyWordSpecLike.scala:1189)
	at controllers.ApplicationControllerSpec.org$scalatestplus$play$BaseOneServerPerSuite$$super$run(ApplicationControllerSpec.scala:14)
	at org.scalatestplus.play.BaseOneServerPerSuite.run(BaseOneServerPerSuite.scala:163)
	at org.scalatestplus.play.BaseOneServerPerSuite.run$(BaseOneServerPerSuite.scala:159)
	at controllers.ApplicationControllerSpec.org$scalatest$BeforeAndAfterAll$$super$run(ApplicationControllerSpec.scala:14)
	at org.scalatest.BeforeAndAfterAll.liftedTree1$1(BeforeAndAfterAll.scala:213)
	at org.scalatest.BeforeAndAfterAll.run(BeforeAndAfterAll.scala:210)
	at org.scalatest.BeforeAndAfterAll.run$(BeforeAndAfterAll.scala:208)
	at controllers.ApplicationControllerSpec.run(ApplicationControllerSpec.scala:14)
	at org.scalatest.tools.Framework.org$scalatest$tools$Framework$$runSuite(Framework.scala:318)
	at org.scalatest.tools.Framework$ScalaTestTask.execute(Framework.scala:513)
	at sbt.ForkMain$Run.lambda$runTest$1(ForkMain.java:304)
	at java.util.concurrent.FutureTask.run(FutureTask.java:266)
	at java.util.concurrent.ThreadPoolExecutor.runWorker(ThreadPoolExecutor.java:1149)
	at java.util.concurrent.ThreadPoolExecutor$Worker.run(ThreadPoolExecutor.java:624)
	at java.lang.Thread.run(Thread.java:748)
</failure>
                                               </testcase><testcase classname="controllers.ApplicationControllerSpec" name="ApplicationController() .updateFile() should correct login and repository but file does not exist" time="0.06">
                                                 <failure message="org.scalatest.exceptions.TestFailedException: &quot;could not find file to update&quot; was not equal to &quot;could not update file&quot;" type="sbt.ForkMain$ForkError">sbt.ForkMain$ForkError: org.scalatest.exceptions.TestFailedException: &quot;could not find file to update&quot; was not equal to &quot;could not update file&quot;
	at org.scalatest.matchers.MatchersHelper$.indicateFailure(MatchersHelper.scala:402)
	at org.scalatest.matchers.should.Matchers$AnyShouldWrapper.shouldBe(Matchers.scala:7018)
	at controllers.ApplicationControllerSpec.$anonfun$new$71(ApplicationControllerSpec.scala:695)
	at org.scalatest.OutcomeOf.outcomeOf(OutcomeOf.scala:85)
	at org.scalatest.OutcomeOf.outcomeOf$(OutcomeOf.scala:83)
	at org.scalatest.OutcomeOf$.outcomeOf(OutcomeOf.scala:104)
	at org.scalatest.Transformer.apply(Transformer.scala:22)
	at org.scalatest.Transformer.apply(Transformer.scala:20)
	at org.scalatest.wordspec.AnyWordSpecLike$$anon$3.apply(AnyWordSpecLike.scala:1077)
	at org.scalatest.TestSuite.withFixture(TestSuite.scala:196)
	at org.scalatest.TestSuite.withFixture$(TestSuite.scala:195)
	at org.scalatest.wordspec.AnyWordSpec.withFixture(AnyWordSpec.scala:1879)
	at org.scalatest.wordspec.AnyWordSpecLike.invokeWithFixture$1(AnyWordSpecLike.scala:1075)
	at org.scalatest.wordspec.AnyWordSpecLike.$anonfun$runTest$1(AnyWordSpecLike.scala:1087)
	at org.scalatest.SuperEngine.runTestImpl(Engine.scala:306)
	at org.scalatest.wordspec.AnyWordSpecLike.runTest(AnyWordSpecLike.scala:1087)
	at org.scalatest.wordspec.AnyWordSpecLike.runTest$(AnyWordSpecLike.scala:1069)
	at controllers.ApplicationControllerSpec.org$scalatest$BeforeAndAfterEach$$super$runTest(ApplicationControllerSpec.scala:14)
	at org.scalatest.BeforeAndAfterEach.runTest(BeforeAndAfterEach.scala:234)
	at org.scalatest.BeforeAndAfterEach.runTest$(BeforeAndAfterEach.scala:227)
	at controllers.ApplicationControllerSpec.runTest(ApplicationControllerSpec.scala:14)
	at org.scalatest.wordspec.AnyWordSpecLike.$anonfun$runTests$1(AnyWordSpecLike.scala:1146)
	at org.scalatest.SuperEngine.$anonfun$runTestsInBranch$1(Engine.scala:413)
	at scala.collection.immutable.List.foreach(List.scala:333)
	at org.scalatest.SuperEngine.traverseSubNodes$1(Engine.scala:401)
	at org.scalatest.SuperEngine.runTestsInBranch(Engine.scala:390)
	at org.scalatest.SuperEngine.$anonfun$runTestsInBranch$1(Engine.scala:427)
	at scala.collection.immutable.List.foreach(List.scala:333)
	at org.scalatest.SuperEngine.traverseSubNodes$1(Engine.scala:401)
	at org.scalatest.SuperEngine.runTestsInBranch(Engine.scala:396)
	at org.scalatest.SuperEngine.runTestsImpl(Engine.scala:475)
	at org.scalatest.wordspec.AnyWordSpecLike.runTests(AnyWordSpecLike.scala:1146)
	at org.scalatest.wordspec.AnyWordSpecLike.runTests$(AnyWordSpecLike.scala:1145)
	at org.scalatest.wordspec.AnyWordSpec.runTests(AnyWordSpec.scala:1879)
	at org.scalatest.Suite.run(Suite.scala:1112)
	at org.scalatest.Suite.run$(Suite.scala:1094)
	at org.scalatest.wordspec.AnyWordSpec.org$scalatest$wordspec$AnyWordSpecLike$$super$run(AnyWordSpec.scala:1879)
	at org.scalatest.wordspec.AnyWordSpecLike.$anonfun$run$1(AnyWordSpecLike.scala:1191)
	at org.scalatest.SuperEngine.runImpl(Engine.scala:535)
	at org.scalatest.wordspec.AnyWordSpecLike.run(AnyWordSpecLike.scala:1191)
	at org.scalatest.wordspec.AnyWordSpecLike.run$(AnyWordSpecLike.scala:1189)
	at controllers.ApplicationControllerSpec.org$scalatestplus$play$BaseOneServerPerSuite$$super$run(ApplicationControllerSpec.scala:14)
	at org.scalatestplus.play.BaseOneServerPerSuite.run(BaseOneServerPerSuite.scala:163)
	at org.scalatestplus.play.BaseOneServerPerSuite.run$(BaseOneServerPerSuite.scala:159)
	at controllers.ApplicationControllerSpec.org$scalatest$BeforeAndAfterAll$$super$run(ApplicationControllerSpec.scala:14)
	at org.scalatest.BeforeAndAfterAll.liftedTree1$1(BeforeAndAfterAll.scala:213)
	at org.scalatest.BeforeAndAfterAll.run(BeforeAndAfterAll.scala:210)
	at org.scalatest.BeforeAndAfterAll.run$(BeforeAndAfterAll.scala:208)
	at controllers.ApplicationControllerSpec.run(ApplicationControllerSpec.scala:14)
	at org.scalatest.tools.Framework.org$scalatest$tools$Framework$$runSuite(Framework.scala:318)
	at org.scalatest.tools.Framework$ScalaTestTask.execute(Framework.scala:513)
	at sbt.ForkMain$Run.lambda$runTest$1(ForkMain.java:304)
	at java.util.concurrent.FutureTask.run(FutureTask.java:266)
	at java.util.concurrent.ThreadPoolExecutor.runWorker(ThreadPoolExecutor.java:1149)
	at java.util.concurrent.ThreadPoolExecutor$Worker.run(ThreadPoolExecutor.java:624)
	at java.lang.Thread.run(Thread.java:748)
</failure>
                                               </testcase><testcase classname="controllers.ApplicationControllerSpec" name="ApplicationController() .updateFile() should unable to validate file trying to be created" time="0.009">
                                                 
                                               </testcase><testcase classname="controllers.ApplicationControllerSpec" name="ApplicationController() .updateFile() should correct route for updating a file" time="0.057">
                                                 <failure message="org.scalatest.exceptions.TestFailedException: 400 was not equal to 200" type="sbt.ForkMain$ForkError">sbt.ForkMain$ForkError: org.scalatest.exceptions.TestFailedException: 400 was not equal to 200
	at org.scalatest.matchers.MatchersHelper$.indicateFailure(MatchersHelper.scala:402)
	at org.scalatest.matchers.should.Matchers$AnyShouldWrapper.shouldBe(Matchers.scala:7018)
	at controllers.ApplicationControllerSpec.$anonfun$new$73(ApplicationControllerSpec.scala:711)
	at org.scalatest.OutcomeOf.outcomeOf(OutcomeOf.scala:85)
	at org.scalatest.OutcomeOf.outcomeOf$(OutcomeOf.scala:83)
	at org.scalatest.OutcomeOf$.outcomeOf(OutcomeOf.scala:104)
	at org.scalatest.Transformer.apply(Transformer.scala:22)
	at org.scalatest.Transformer.apply(Transformer.scala:20)
	at org.scalatest.wordspec.AnyWordSpecLike$$anon$3.apply(AnyWordSpecLike.scala:1077)
	at org.scalatest.TestSuite.withFixture(TestSuite.scala:196)
	at org.scalatest.TestSuite.withFixture$(TestSuite.scala:195)
	at org.scalatest.wordspec.AnyWordSpec.withFixture(AnyWordSpec.scala:1879)
	at org.scalatest.wordspec.AnyWordSpecLike.invokeWithFixture$1(AnyWordSpecLike.scala:1075)
	at org.scalatest.wordspec.AnyWordSpecLike.$anonfun$runTest$1(AnyWordSpecLike.scala:1087)
	at org.scalatest.SuperEngine.runTestImpl(Engine.scala:306)
	at org.scalatest.wordspec.AnyWordSpecLike.runTest(AnyWordSpecLike.scala:1087)
	at org.scalatest.wordspec.AnyWordSpecLike.runTest$(AnyWordSpecLike.scala:1069)
	at controllers.ApplicationControllerSpec.org$scalatest$BeforeAndAfterEach$$super$runTest(ApplicationControllerSpec.scala:14)
	at org.scalatest.BeforeAndAfterEach.runTest(BeforeAndAfterEach.scala:234)
	at org.scalatest.BeforeAndAfterEach.runTest$(BeforeAndAfterEach.scala:227)
	at controllers.ApplicationControllerSpec.runTest(ApplicationControllerSpec.scala:14)
	at org.scalatest.wordspec.AnyWordSpecLike.$anonfun$runTests$1(AnyWordSpecLike.scala:1146)
	at org.scalatest.SuperEngine.$anonfun$runTestsInBranch$1(Engine.scala:413)
	at scala.collection.immutable.List.foreach(List.scala:333)
	at org.scalatest.SuperEngine.traverseSubNodes$1(Engine.scala:401)
	at org.scalatest.SuperEngine.runTestsInBranch(Engine.scala:390)
	at org.scalatest.SuperEngine.$anonfun$runTestsInBranch$1(Engine.scala:427)
	at scala.collection.immutable.List.foreach(List.scala:333)
	at org.scalatest.SuperEngine.traverseSubNodes$1(Engine.scala:401)
	at org.scalatest.SuperEngine.runTestsInBranch(Engine.scala:396)
	at org.scalatest.SuperEngine.runTestsImpl(Engine.scala:475)
	at org.scalatest.wordspec.AnyWordSpecLike.runTests(AnyWordSpecLike.scala:1146)
	at org.scalatest.wordspec.AnyWordSpecLike.runTests$(AnyWordSpecLike.scala:1145)
	at org.scalatest.wordspec.AnyWordSpec.runTests(AnyWordSpec.scala:1879)
	at org.scalatest.Suite.run(Suite.scala:1112)
	at org.scalatest.Suite.run$(Suite.scala:1094)
	at org.scalatest.wordspec.AnyWordSpec.org$scalatest$wordspec$AnyWordSpecLike$$super$run(AnyWordSpec.scala:1879)
	at org.scalatest.wordspec.AnyWordSpecLike.$anonfun$run$1(AnyWordSpecLike.scala:1191)
	at org.scalatest.SuperEngine.runImpl(Engine.scala:535)
	at org.scalatest.wordspec.AnyWordSpecLike.run(AnyWordSpecLike.scala:1191)
	at org.scalatest.wordspec.AnyWordSpecLike.run$(AnyWordSpecLike.scala:1189)
	at controllers.ApplicationControllerSpec.org$scalatestplus$play$BaseOneServerPerSuite$$super$run(ApplicationControllerSpec.scala:14)
	at org.scalatestplus.play.BaseOneServerPerSuite.run(BaseOneServerPerSuite.scala:163)
	at org.scalatestplus.play.BaseOneServerPerSuite.run$(BaseOneServerPerSuite.scala:159)
	at controllers.ApplicationControllerSpec.org$scalatest$BeforeAndAfterAll$$super$run(ApplicationControllerSpec.scala:14)
	at org.scalatest.BeforeAndAfterAll.liftedTree1$1(BeforeAndAfterAll.scala:213)
	at org.scalatest.BeforeAndAfterAll.run(BeforeAndAfterAll.scala:210)
	at org.scalatest.BeforeAndAfterAll.run$(BeforeAndAfterAll.scala:208)
	at controllers.ApplicationControllerSpec.run(ApplicationControllerSpec.scala:14)
	at org.scalatest.tools.Framework.org$scalatest$tools$Framework$$runSuite(Framework.scala:318)
	at org.scalatest.tools.Framework$ScalaTestTask.execute(Framework.scala:513)
	at sbt.ForkMain$Run.lambda$runTest$1(ForkMain.java:304)
	at java.util.concurrent.FutureTask.run(FutureTask.java:266)
	at java.util.concurrent.ThreadPoolExecutor.runWorker(ThreadPoolExecutor.java:1149)
	at java.util.concurrent.ThreadPoolExecutor$Worker.run(ThreadPoolExecutor.java:624)
	at java.lang.Thread.run(Thread.java:748)
</failure>
                                               </testcase><testcase classname="controllers.ApplicationControllerSpec" name="ApplicationController() .updateFile() should route for creating a file with non-existing repository" time="0.053">
                                                 
                                               </testcase><testcase classname="controllers.ApplicationControllerSpec" name="ApplicationController() .deleteFile() should correct login and repository but file does not exist" time="0.039">
                                                 
                                               </testcase><testcase classname="controllers.ApplicationControllerSpec" name="ApplicationController() .deleteFile() should route for deleting a file with non-existing repository" time="0.041">
                                                 
                                               </testcase><testcase classname="controllers.ApplicationControllerSpec" name="ApplicationController() .repoReadMe() should login to find user's repositories under the name specified and get readMe" time="0.249">
                                                 
                                               </testcase><testcase classname="controllers.ApplicationControllerSpec" name="ApplicationController() .repoReadMe() should correct login and repository but no readme exists" time="0.204">
                                                 
                                               </testcase><testcase classname="controllers.ApplicationControllerSpec" name="ApplicationController() .repoReadMe() should correct route for getting a repositories readme" time="0.195">
                                                 
                                               </testcase><testcase classname="controllers.ApplicationControllerSpec" name="ApplicationController() .repoReadMe() should correct route for getting a repositories readme but the repo has no readme" time="0.186">
                                                 
                                               </testcase><testcase classname="controllers.ApplicationControllerSpec" name="ApplicationController() .repoReadMe() should route for getting readme with non-existing repository" time="0.19">
                                                 
                                               </testcase><testcase classname="controllers.ApplicationControllerSpec" name="ApplicationController() .dirReadMe() should login to find user's repositories and get readMe from specified directory" time="0.19">
                                                 
                                               </testcase><testcase classname="controllers.ApplicationControllerSpec" name="ApplicationController() .dirReadMe() should correct login and repository but no readme exists in that directory" time="0.195">
                                                 
                                               </testcase><testcase classname="controllers.ApplicationControllerSpec" name="ApplicationController() .dirReadMe() should correct route for getting a directories readme" time="0.216">
                                                 
                                               </testcase><testcase classname="controllers.ApplicationControllerSpec" name="ApplicationController() .dirReadMe() should correct route for getting a repositories readme but the repo has no readme" time="0.197">
                                                 
                                               </testcase><testcase classname="controllers.ApplicationControllerSpec" name="ApplicationController() .dirReadMe() should route for getting readme with non-existing repository" time="0.165">
                                                 
                                               </testcase><testcase classname="controllers.ApplicationControllerSpec" name="ApplicationController() .downloadTar() should download the tar of the repository specified form the branch specified" time="0.567">
                                                 
                                               </testcase><testcase classname="controllers.ApplicationControllerSpec" name="ApplicationController() .downloadTar() should return ok http response for tar download from the router and when no branch provided default to main" time="0.403">
                                                 
                                               </testcase><testcase classname="controllers.ApplicationControllerSpec" name="ApplicationController() .downloadTar() should return ok http response for tar download from the router and when a branch is provided" time="0.442">
                                                 
                                               </testcase><testcase classname="controllers.ApplicationControllerSpec" name="ApplicationController() .downloadTar() should correct login but no repository exists" time="0.189">
                                                 
                                               </testcase><testcase classname="controllers.ApplicationControllerSpec" name="ApplicationController() .downloadTar() should route for getting readme with non-existing repository" time="0.177">
                                                 
                                               </testcase><testcase classname="controllers.ApplicationControllerSpec" name="ApplicationController() .downloadZip() should download the tar of the repository specified form the branch specified" time="0.404">
                                                 
                                               </testcase><testcase classname="controllers.ApplicationControllerSpec" name="ApplicationController() .downloadZip() should return ok http response for zip download from the router and when no branch provided default to main" time="0.375">
                                                 
                                               </testcase><testcase classname="controllers.ApplicationControllerSpec" name="ApplicationController() .downloadZip() should return ok http response for zip download from the router and when a branch is provided" time="0.379">
                                                 
                                               </testcase><testcase classname="controllers.ApplicationControllerSpec" name="ApplicationController() .downloadZip() should correct login but no repository exists" time="0.163">
                                                 
                                               </testcase><testcase classname="controllers.ApplicationControllerSpec" name="ApplicationController() .downloadZip() should route for getting readme with non-existing repository" time="0.17">
                                                 
                                               </testcase>
                     <system-out><![CDATA[]]></system-out>
                     <system-err><![CDATA[]]></system-err>
                   </testsuite>