<?xml version='1.0' encoding='UTF-8'?>
<testsuite hostname="Robyns-MBP.broadband" name="connectors.WireMockAppConnectorSpec" tests="1" errors="0" failures="1" skipped="0" time="0.424" timestamp="2022-08-05T15:50:39">
                     <properties>
[...]
</properties>
                     <testcase classname="connectors.WireMockAppConnectorSpec" name="ApplicationConnector .get() should get a user from the github api" time="0.424">
                                                 <failure message="java.lang.IllegalArgumentException: Invalid URL user/test/octocat" type="sbt.ForkMain$ForkError">sbt.ForkMain$ForkError: java.lang.IllegalArgumentException: Invalid URL user/test/octocat
	at play.api.libs.ws.ahc.StandaloneAhcWSClient.validate(StandaloneAhcWSClient.scala:100)
	at play.api.libs.ws.ahc.StandaloneAhcWSClient.url(StandaloneAhcWSClient.scala:56)
	at play.api.libs.ws.ahc.AhcWSClient.url(AhcWSClient.scala:37)
	at connectors.ApplicationConnector.get(ApplicationConnector.scala:19)
	at connectors.WireMockAppConnectorSpec$$anon$1.&lt;init&gt;(WireMockAppConnectorSpec.scala:34)
	at connectors.WireMockAppConnectorSpec.$anonfun$new$2(WireMockAppConnectorSpec.scala:27)
	at org.scalatest.OutcomeOf.outcomeOf(OutcomeOf.scala:85)
	at org.scalatest.OutcomeOf.outcomeOf$(OutcomeOf.scala:83)
	at org.scalatest.OutcomeOf$.outcomeOf(OutcomeOf.scala:104)
	at org.scalatest.Transformer.apply(Transformer.scala:22)
	at org.scalatest.Transformer.apply(Transformer.scala:20)
	at org.scalatest.wordspec.AnyWordSpecLike$$anon$3.apply(AnyWordSpecLike.scala:1077)
	at org.scalatest.TestSuite.withFixture(TestSuite.scala:196)
	at org.scalatest.TestSuite.withFixture$(TestSuite.scala:195)
	at connectors.WireMockAppConnectorSpec.withFixture(WireMockAppConnectorSpec.scala:13)
	at org.scalatest.wordspec.AnyWordSpecLike.invokeWithFixture$1(AnyWordSpecLike.scala:1075)
	at org.scalatest.wordspec.AnyWordSpecLike.$anonfun$runTest$1(AnyWordSpecLike.scala:1087)
	at org.scalatest.SuperEngine.runTestImpl(Engine.scala:306)
	at org.scalatest.wordspec.AnyWordSpecLike.runTest(AnyWordSpecLike.scala:1087)
	at org.scalatest.wordspec.AnyWordSpecLike.runTest$(AnyWordSpecLike.scala:1069)
	at connectors.WireMockAppConnectorSpec.org$scalatest$BeforeAndAfterEach$$super$runTest(WireMockAppConnectorSpec.scala:13)
	at org.scalatest.BeforeAndAfterEach.runTest(BeforeAndAfterEach.scala:234)
	at org.scalatest.BeforeAndAfterEach.runTest$(BeforeAndAfterEach.scala:227)
	at connectors.WireMockAppConnectorSpec.runTest(WireMockAppConnectorSpec.scala:13)
	at org.scalatest.wordspec.AnyWordSpecLike.$anonfun$runTests$1(AnyWordSpecLike.scala:1146)
	at org.scalatest.SuperEngine.$anonfun$runTestsInBranch$1(Engine.scala:413)
	at scala.collection.immutable.List.foreach(List.scala:333)
	at org.scalatest.SuperEngine.traverseSubNodes$1(Engine.scala:401)
	at org.scalatest.SuperEngine.runTestsInBranch(Engine.scala:390)
	at org.scalatest.SuperEngine.$anonfun$runTestsInBranch$1(Engine.scala:427)
	at scala.collection.immutable.List.foreach(List.scala:333)
	at org.scalatest.SuperEngine.traverseSubNodes$1(Engine.scala:401)
	at org.scalatest.SuperEngine.runTestsInBranch(Engine.scala:396)
	at org.scalatest.SuperEngine.runTestsImpl(Engine.scala:475)
	at org.scalatest.wordspec.AnyWordSpecLike.runTests(AnyWordSpecLike.scala:1146)
	at org.scalatest.wordspec.AnyWordSpecLike.runTests$(AnyWordSpecLike.scala:1145)
	at connectors.WireMockAppConnectorSpec.runTests(WireMockAppConnectorSpec.scala:13)
	at org.scalatest.Suite.run(Suite.scala:1112)
	at org.scalatest.Suite.run$(Suite.scala:1094)
	at connectors.WireMockAppConnectorSpec.org$scalatest$wordspec$AnyWordSpecLike$$super$run(WireMockAppConnectorSpec.scala:13)
	at org.scalatest.wordspec.AnyWordSpecLike.$anonfun$run$1(AnyWordSpecLike.scala:1191)
	at org.scalatest.SuperEngine.runImpl(Engine.scala:535)
	at org.scalatest.wordspec.AnyWordSpecLike.run(AnyWordSpecLike.scala:1191)
	at org.scalatest.wordspec.AnyWordSpecLike.run$(AnyWordSpecLike.scala:1189)
	at connectors.WireMockAppConnectorSpec.org$scalatestplus$play$BaseOneServerPerSuite$$super$run(WireMockAppConnectorSpec.scala:13)
	at org.scalatestplus.play.BaseOneServerPerSuite.run(BaseOneServerPerSuite.scala:163)
	at org.scalatestplus.play.BaseOneServerPerSuite.run$(BaseOneServerPerSuite.scala:159)
	at connectors.WireMockAppConnectorSpec.org$scalatest$BeforeAndAfterAll$$super$run(WireMockAppConnectorSpec.scala:13)
	at org.scalatest.BeforeAndAfterAll.liftedTree1$1(BeforeAndAfterAll.scala:213)
	at org.scalatest.BeforeAndAfterAll.run(BeforeAndAfterAll.scala:210)
	at org.scalatest.BeforeAndAfterAll.run$(BeforeAndAfterAll.scala:208)
	at connectors.WireMockAppConnectorSpec.run(WireMockAppConnectorSpec.scala:13)
	at org.scalatest.tools.Framework.org$scalatest$tools$Framework$$runSuite(Framework.scala:318)
	at org.scalatest.tools.Framework$ScalaTestTask.execute(Framework.scala:513)
	at sbt.ForkMain$Run.lambda$runTest$1(ForkMain.java:304)
	at java.util.concurrent.FutureTask.run(FutureTask.java:266)
	at java.util.concurrent.ThreadPoolExecutor.runWorker(ThreadPoolExecutor.java:1149)
	at java.util.concurrent.ThreadPoolExecutor$Worker.run(ThreadPoolExecutor.java:624)
	at java.lang.Thread.run(Thread.java:748)
Caused by: sbt.ForkMain$ForkError: java.lang.IllegalArgumentException: user/test/octocat could not be parsed into a proper Uri, missing scheme
	at play.shaded.ahc.org.asynchttpclient.uri.Uri.create(Uri.java:70)
	at play.shaded.ahc.org.asynchttpclient.uri.Uri.create(Uri.java:62)
	at play.api.libs.ws.ahc.StandaloneAhcWSClient.validate(StandaloneAhcWSClient.scala:97)
	... 58 more
</failure>
                                               </testcase>
                     <system-out><![CDATA[]]></system-out>
                     <system-err><![CDATA[]]></system-err>
                   </testsuite>